TN:
SF:src/messaging/BridgeOperator.sol
FN:25,BridgeOperator.
FNDA:14,BridgeOperator.
DA:26,14
BRDA:26,0,0,-
DA:27,0
DA:29,14
DA:31,14
FN:41,BridgeOperator.setYieldRelayer
FNDA:0,BridgeOperator.setYieldRelayer
DA:42,0
DA:43,0
FN:53,BridgeOperator.setPeers
FNDA:0,BridgeOperator.setPeers
DA:54,0
FN:62,BridgeOperator.updateDelegate
FNDA:0,BridgeOperator.updateDelegate
DA:63,0
FN:71,BridgeOperator.migrateBridgeOperator
FNDA:0,BridgeOperator.migrateBridgeOperator
DA:72,0
FN:81,BridgeOperator.setWstUsdcBridge
FNDA:0,BridgeOperator.setWstUsdcBridge
DA:82,0
DA:83,0
FN:91,BridgeOperator._setPeers
FNDA:0,BridgeOperator._setPeers
DA:92,0
DA:94,0
DA:95,0
FN:99,BridgeOperator._setDelegates
FNDA:0,BridgeOperator._setDelegates
DA:100,0
DA:102,0
DA:103,0
FN:107,BridgeOperator._setBridgeOperator
FNDA:0,BridgeOperator._setBridgeOperator
DA:108,0
DA:110,0
DA:111,0
FN:115,BridgeOperator._decodeContracts
FNDA:0,BridgeOperator._decodeContracts
DA:116,0
FNF:10
FNH:1
LF:21
LH:3
BRF:1
BRH:0
end_of_record
TN:
SF:src/messaging/WstUsdcBridge.sol
FN:41,WstUsdcBridge.
FNDA:14,WstUsdcBridge.
DA:44,14
DA:45,14
FN:51,WstUsdcBridge.bridgeWstUsdc
FNDA:0,WstUsdcBridge.bridgeWstUsdc
DA:57,0
DA:58,0
DA:60,0
DA:62,0
FN:66,WstUsdcBridge.setWstUsdcBridge
FNDA:0,WstUsdcBridge.setWstUsdcBridge
DA:67,0
BRDA:67,0,0,-
DA:68,0
BRDA:68,1,0,-
DA:69,0
FN:73,WstUsdcBridge.stUsdc
FNDA:0,WstUsdcBridge.stUsdc
DA:74,0
FN:78,WstUsdcBridge.wstUsdc
FNDA:0,WstUsdcBridge.wstUsdc
DA:79,0
FN:83,WstUsdcBridge.bridgeByEid
FNDA:0,WstUsdcBridge.bridgeByEid
DA:84,0
FN:95,WstUsdcBridge._bridgeStUsdc
FNDA:0,WstUsdcBridge._bridgeStUsdc
DA:101,0
DA:103,0
DA:104,0
DA:106,0
FN:114,WstUsdcBridge._deliverWstUsdc
FNDA:0,WstUsdcBridge._deliverWstUsdc
DA:115,0
DA:116,0
DA:117,0
FN:127,WstUsdcBridge._setSendParam
FNDA:0,WstUsdcBridge._setSendParam
DA:132,0
FN:144,WstUsdcBridge.lzCompose
FNDA:0,WstUsdcBridge.lzCompose
DA:151,0
BRDA:151,2,0,-
DA:152,0
BRDA:152,3,0,-
DA:154,0
DA:156,0
DA:158,0
DA:159,0
BRDA:159,4,0,-
FN:162,WstUsdcBridge._lzReceive
FNDA:0,WstUsdcBridge._lzReceive
FNF:11
FNH:1
LF:26
LH:2
BRF:5
BRH:0
end_of_record
TN:
SF:src/messaging/YieldRelayer.sol
FN:29,YieldRelayer.onlyBridgeOperator
FNDA:0,YieldRelayer.onlyBridgeOperator
DA:30,0
BRDA:30,0,0,-
FN:34,YieldRelayer.onlyKeeper
FNDA:0,YieldRelayer.onlyKeeper
DA:35,0
BRDA:35,1,0,-
FN:41,YieldRelayer.
FNDA:0,YieldRelayer.
DA:42,0
DA:43,0
DA:44,0
FN:50,YieldRelayer.updateYield
FNDA:0,YieldRelayer.updateYield
DA:51,0
DA:52,0
FN:59,YieldRelayer.setBridgeOperator
FNDA:0,YieldRelayer.setBridgeOperator
DA:60,0
BRDA:60,2,0,-
DA:61,0
FN:65,YieldRelayer.setKeeper
FNDA:0,YieldRelayer.setKeeper
DA:66,0
BRDA:66,3,0,-
DA:67,0
FN:71,YieldRelayer.bridgeOperator
FNDA:0,YieldRelayer.bridgeOperator
DA:72,0
FN:76,YieldRelayer.keeper
FNDA:0,YieldRelayer.keeper
DA:77,0
FN:81,YieldRelayer.stUsdc
FNDA:0,YieldRelayer.stUsdc
DA:82,0
FNF:9
FNH:0
LF:14
LH:0
BRF:4
BRH:0
end_of_record
TN:
SF:src/messaging/controllers/ControllerBase.sol
FN:20,ControllerBase.onlyBridgeOperator
FNDA:0,ControllerBase.onlyBridgeOperator
DA:21,0
BRDA:21,0,0,-
FN:26,ControllerBase.
FNDA:29,ControllerBase.
DA:27,29
BRDA:27,1,0,-
DA:28,29
FN:36,ControllerBase.setBridgeOperator
FNDA:0,ControllerBase.setBridgeOperator
DA:37,0
BRDA:37,2,0,-
DA:38,0
FN:42,ControllerBase.bridgeOperator
FNDA:0,ControllerBase.bridgeOperator
DA:43,0
FNF:4
FNH:1
LF:6
LH:2
BRF:3
BRH:0
end_of_record
TN:
SF:src/messaging/controllers/OAppController.sol
FN:17,OAppController.
FNDA:14,OAppController.
FN:26,OAppController.setPeer
FNDA:0,OAppController.setPeer
DA:27,0
BRDA:27,0,0,-
DA:28,0
DA:30,0
BRDA:30,1,0,-
DA:31,0
DA:33,0
DA:34,0
FN:38,OAppController.forceSetDelegate
FNDA:0,OAppController.forceSetDelegate
DA:39,0
BRDA:39,2,0,-
DA:40,0
DA:42,0
FNF:3
FNH:1
LF:9
LH:0
BRF:3
BRH:0
end_of_record
TN:
SF:src/messaging/controllers/OFTController.sol
FN:21,OFTController.
FNDA:15,OFTController.
FN:34,OFTController.setYieldRelayer
FNDA:0,OFTController.setYieldRelayer
DA:35,0
BRDA:35,0,0,-
DA:36,0
DA:38,0
FN:42,OFTController.setPeer
FNDA:0,OFTController.setPeer
DA:43,0
BRDA:43,1,0,-
DA:44,0
DA:46,0
BRDA:46,2,0,-
DA:47,0
DA:49,0
DA:50,0
FN:54,OFTController.forceSetDelegate
FNDA:0,OFTController.forceSetDelegate
DA:55,0
BRDA:55,3,0,-
DA:56,0
DA:58,0
FNF:4
FNH:1
LF:12
LH:0
BRF:4
BRH:0
end_of_record
TN:
SF:src/rewards/CurveGaugeDistributor.sol
FN:35,CurveGaugeDistributor.initialized
FNDA:0,CurveGaugeDistributor.initialized
DA:36,0
BRDA:36,0,0,-
FN:42,CurveGaugeDistributor.
FNDA:0,CurveGaugeDistributor.
DA:43,0
DA:44,0
FN:49,CurveGaugeDistributor.initialize
FNDA:0,CurveGaugeDistributor.initialize
DA:50,0
BRDA:50,1,0,-
DA:51,0
BRDA:51,2,0,-
DA:53,0
DA:54,0
DA:56,0
DA:57,0
FN:61,CurveGaugeDistributor.seedGauges
FNDA:0,CurveGaugeDistributor.seedGauges
DA:62,0
DA:63,0
DA:64,0
DA:66,0
DA:67,0
BRDA:67,3,0,-
DA:68,0
DA:71,0
DA:73,0
BRDA:73,4,0,-
DA:74,0
DA:75,0
DA:78,0
DA:82,0
BRDA:82,5,0,-
DA:83,0
DA:84,0
DA:87,0
DA:88,0
DA:89,0
DA:91,0
DA:95,0
FN:99,CurveGaugeDistributor.curvePoolData
FNDA:0,CurveGaugeDistributor.curvePoolData
DA:100,0
FN:103,CurveGaugeDistributor._deployCurveGauges
FNDA:0,CurveGaugeDistributor._deployCurveGauges
DA:104,0
DA:105,0
DA:106,0
DA:108,0
DA:110,0
DA:111,0
DA:113,0
DA:115,0
DA:117,0
BRDA:117,6,0,-
FN:124,CurveGaugeDistributor._setCurvePools
FNDA:0,CurveGaugeDistributor._setCurvePools
DA:125,0
DA:127,0
DA:128,0
BRDA:128,7,0,-
DA:129,0
DA:132,0
BRDA:132,8,0,-
DA:133,0
DA:136,0
FNF:7
FNH:0
LF:45
LH:0
BRF:9
BRH:0
end_of_record
TN:
SF:src/rewards/lib/StakeUpMintRewardLib.sol
FN:26,StakeUpMintRewardLib._getMintRewardAllocation
FNDA:14,StakeUpMintRewardLib._getMintRewardAllocation
DA:27,14
BRDA:27,0,0,2
DA:28,2
DA:30,12
BRDA:30,1,0,-
DA:31,0
DA:33,12
BRDA:33,2,0,12
DA:34,12
DA:36,0
FNF:1
FNH:1
LF:7
LH:5
BRF:3
BRH:2
end_of_record
TN:
SF:src/rewards/lib/StakeUpRewardMathLib.sol
FN:23,StakeUpRewardMathLib._calculateDripAmount
FNDA:40002,StakeUpRewardMathLib._calculateDripAmount
DA:29,40002
DA:30,40002
DA:31,40002
DA:33,40002
DA:35,40002
DA:38,0
BRDA:38,1,0,-
DA:39,0
DA:42,40002
DA:43,40002
DA:46,40002
BRDA:46,2,0,-
BRDA:46,2,1,40002
DA:47,0
DA:50,40002
DA:54,40002
BRDA:54,3,0,1
DA:55,1
DA:56,1
DA:60,1
BRDA:60,4,0,-
DA:61,0
DA:62,0
DA:63,0
DA:67,40002
DA:68,40002
DA:69,40002
DA:71,40002
FNF:1
FNH:1
LF:23
LH:17
BRF:5
BRH:2
end_of_record
TN:
SF:src/staking/SUPVesting.sol
FN:40,SUPVesting.onlySUP
FNDA:0,SUPVesting.onlySUP
DA:41,0
BRDA:41,0,0,-
DA:42,0
FN:49,SUPVesting.
FNDA:14,SUPVesting.
DA:50,14
FN:56,SUPVesting.vestTokens
FNDA:0,SUPVesting.vestTokens
DA:57,0
DA:59,0
DA:61,0
DA:65,0
BRDA:65,1,0,-
BRDA:65,1,1,-
DA:66,0
DA:67,0
DA:68,0
DA:70,0
DA:71,0
FN:76,SUPVesting.claimAvailableTokens
FNDA:0,SUPVesting.claimAvailableTokens
DA:77,0
DA:79,0
DA:81,0
DA:83,0
DA:84,0
DA:86,0
BRDA:86,2,0,-
DA:87,0
DA:90,0
DA:92,0
FN:96,SUPVesting.availableTokens
FNDA:0,SUPVesting.availableTokens
DA:97,0
DA:98,0
DA:99,0
DA:101,0
BRDA:101,3,0,-
BRDA:101,3,1,-
DA:102,0
DA:104,0
FN:109,SUPVesting.currentBalance
FNDA:0,SUPVesting.currentBalance
DA:110,0
FN:117,SUPVesting._validateTimeElapsed
FNDA:0,SUPVesting._validateTimeElapsed
DA:118,0
FN:126,SUPVesting._updateRewardState
FNDA:0,SUPVesting._updateRewardState
FNF:8
FNH:1
LF:29
LH:1
BRF:6
BRH:0
end_of_record
TN:
SF:src/staking/StakeUpStaking.sol
FN:53,StakeUpStaking.updateIndex
FNDA:0,StakeUpStaking.updateIndex
DA:54,0
FN:59,StakeUpStaking.distributeRewards
FNDA:0,StakeUpStaking.distributeRewards
DA:60,0
FN:65,StakeUpStaking.onlyStUsdc
FNDA:20001,StakeUpStaking.onlyStUsdc
DA:66,20001
BRDA:66,0,0,-
DA:67,0
FN:74,StakeUpStaking.
FNDA:14,StakeUpStaking.
DA:75,14
DA:76,14
FN:82,StakeUpStaking.stake
FNDA:0,StakeUpStaking.stake
DA:83,0
FN:87,StakeUpStaking.unstake
FNDA:0,StakeUpStaking.unstake
DA:94,0
DA:96,0
BRDA:96,1,0,-
DA:98,0
BRDA:98,2,0,-
DA:99,0
DA:102,0
BRDA:102,3,0,-
DA:103,0
DA:104,0
BRDA:104,4,0,-
DA:105,0
DA:109,0
DA:110,0
DA:112,0
DA:114,0
FN:118,StakeUpStaking.harvest
FNDA:0,StakeUpStaking.harvest
DA:119,0
DA:120,0
BRDA:120,5,0,-
DA:121,0
DA:122,0
FN:126,StakeUpStaking.processFees
FNDA:20001,StakeUpStaking.processFees
FN:131,StakeUpStaking.claimableRewards
FNDA:0,StakeUpStaking.claimableRewards
DA:132,0
DA:133,0
FN:137,StakeUpStaking.stakupToken
FNDA:14,StakeUpStaking.stakupToken
DA:138,14
FN:142,StakeUpStaking.stUsdc
FNDA:14,StakeUpStaking.stUsdc
DA:143,14
FN:147,StakeUpStaking.totalStakeUpStaked
FNDA:0,StakeUpStaking.totalStakeUpStaked
DA:148,0
FN:152,StakeUpStaking.rewardData
FNDA:0,StakeUpStaking.rewardData
DA:153,0
FN:157,StakeUpStaking.userStakingData
FNDA:0,StakeUpStaking.userStakingData
DA:158,0
FN:162,StakeUpStaking.lastRewardBlock
FNDA:0,StakeUpStaking.lastRewardBlock
DA:163,0
FN:167,StakeUpStaking._stake
FNDA:0,StakeUpStaking._stake
DA:168,0
DA:170,0
BRDA:170,6,0,-
DA:172,0
DA:174,0
DA:175,0
DA:177,0
FN:186,StakeUpStaking._updateRewardIndex
FNDA:20001,StakeUpStaking._updateRewardIndex
DA:187,20001
BRDA:187,7,0,-
BRDA:187,7,1,-
DA:188,0
DA:190,0
DA:191,0
DA:193,0
DA:195,0
BRDA:195,8,0,-
DA:196,0
DA:199,0
BRDA:199,9,0,-
DA:200,0
DA:203,0
DA:205,0
DA:207,20001
FN:219,StakeUpStaking._distributeRewards
FNDA:0,StakeUpStaking._distributeRewards
DA:220,0
BRDA:220,10,0,-
DA:222,0
DA:224,0
BRDA:224,11,0,-
DA:225,0
DA:228,0
DA:229,0
DA:231,0
DA:233,0
DA:234,0
DA:236,0
FN:247,StakeUpStaking._calculateRewardDelta
FNDA:0,StakeUpStaking._calculateRewardDelta
DA:252,0
DA:254,0
BRDA:254,13,0,-
DA:255,0
DA:258,0
BRDA:258,14,0,-
DA:259,0
DA:262,0
DA:263,0
DA:265,0
FN:272,StakeUpStaking._transferRewards
FNDA:0,StakeUpStaking._transferRewards
DA:273,0
DA:274,0
DA:276,0
DA:277,0
BRDA:277,15,0,-
DA:278,0
DA:279,0
DA:280,0
FN:285,StakeUpStaking._updateRewardState
FNDA:0,StakeUpStaking._updateRewardState
DA:286,0
FNF:21
FNH:6
LF:75
LH:7
BRF:16
BRH:0
end_of_record
TN:
SF:src/staking/StakeupStaking.sol
FN:53,StakeUpStaking.updateIndex
FNDA:0,StakeUpStaking.updateIndex
DA:54,0
FN:59,StakeUpStaking.distributeRewards
FNDA:0,StakeUpStaking.distributeRewards
DA:60,0
FN:65,StakeUpStaking.onlyStUsdc
FNDA:0,StakeUpStaking.onlyStUsdc
DA:66,0
BRDA:66,0,0,-
DA:67,0
FN:74,StakeUpStaking.
FNDA:0,StakeUpStaking.
DA:75,0
DA:76,0
FN:82,StakeUpStaking.stake
FNDA:0,StakeUpStaking.stake
DA:83,0
FN:87,StakeUpStaking.unstake
FNDA:0,StakeUpStaking.unstake
DA:94,0
DA:96,0
BRDA:96,1,0,-
DA:98,0
BRDA:98,2,0,-
DA:99,0
DA:102,0
BRDA:102,3,0,-
DA:103,0
DA:104,0
BRDA:104,4,0,-
DA:105,0
DA:109,0
DA:110,0
DA:112,0
DA:114,0
FN:118,StakeUpStaking.harvest
FNDA:0,StakeUpStaking.harvest
DA:119,0
DA:120,0
BRDA:120,5,0,-
DA:121,0
DA:122,0
FN:126,StakeUpStaking.processFees
FNDA:0,StakeUpStaking.processFees
FN:131,StakeUpStaking.claimableRewards
FNDA:0,StakeUpStaking.claimableRewards
DA:132,0
DA:133,0
FN:137,StakeUpStaking.stakupToken
FNDA:0,StakeUpStaking.stakupToken
DA:138,0
FN:142,StakeUpStaking.stUsdc
FNDA:0,StakeUpStaking.stUsdc
DA:143,0
FN:147,StakeUpStaking.totalStakeUpStaked
FNDA:0,StakeUpStaking.totalStakeUpStaked
DA:148,0
FN:152,StakeUpStaking.rewardData
FNDA:0,StakeUpStaking.rewardData
DA:153,0
FN:157,StakeUpStaking.userStakingData
FNDA:0,StakeUpStaking.userStakingData
DA:158,0
FN:162,StakeUpStaking.lastRewardBlock
FNDA:0,StakeUpStaking.lastRewardBlock
DA:163,0
FN:167,StakeUpStaking._stake
FNDA:0,StakeUpStaking._stake
DA:168,0
DA:170,0
BRDA:170,6,0,-
DA:172,0
DA:174,0
DA:175,0
DA:177,0
FN:186,StakeUpStaking._updateRewardIndex
FNDA:0,StakeUpStaking._updateRewardIndex
DA:187,0
BRDA:187,7,0,-
BRDA:187,7,1,-
DA:188,0
DA:190,0
DA:191,0
DA:193,0
DA:195,0
BRDA:195,8,0,-
DA:196,0
DA:199,0
BRDA:199,9,0,-
DA:200,0
DA:203,0
DA:205,0
DA:207,0
FN:219,StakeUpStaking._distributeRewards
FNDA:0,StakeUpStaking._distributeRewards
DA:220,0
BRDA:220,10,0,-
DA:222,0
DA:224,0
BRDA:224,11,0,-
DA:225,0
DA:228,0
DA:229,0
DA:231,0
DA:233,0
DA:234,0
DA:236,0
FN:247,StakeUpStaking._calculateRewardDelta
FNDA:0,StakeUpStaking._calculateRewardDelta
DA:252,0
DA:254,0
BRDA:254,13,0,-
DA:255,0
DA:258,0
BRDA:258,14,0,-
DA:259,0
DA:262,0
DA:263,0
DA:265,0
FN:272,StakeUpStaking._transferRewards
FNDA:0,StakeUpStaking._transferRewards
DA:273,0
DA:274,0
DA:276,0
DA:277,0
BRDA:277,15,0,-
DA:278,0
DA:279,0
DA:280,0
FN:285,StakeUpStaking._updateRewardState
FNDA:0,StakeUpStaking._updateRewardState
DA:286,0
FNF:21
FNH:0
LF:75
LH:0
BRF:16
BRH:0
end_of_record
TN:
SF:src/token/StUsdc.sol
FN:74,StUsdc.
FNDA:15,StUsdc.
DA:82,15
BRDA:82,0,0,1
DA:83,1
DA:86,14
DA:87,14
DA:89,14
BRDA:89,1,0,14
BRDA:89,1,1,-
DA:90,14
DA:91,14
DA:93,14
DA:94,14
DA:95,14
DA:97,14
DA:98,14
DA:99,14
DA:101,14
DA:102,14
DA:105,14
FN:111,StUsdc.depositAsset
FNDA:120183,StUsdc.depositAsset
DA:112,120183
BRDA:112,2,0,-
BRDA:112,2,1,-
DA:113,120183
DA:115,120183
DA:116,120183
DA:118,120183
FN:122,StUsdc.depositTby
FNDA:10001,StUsdc.depositTby
DA:123,10001
DA:124,10001
BRDA:124,3,0,-
BRDA:124,3,1,-
DA:125,10001
BRDA:125,4,0,10001
BRDA:125,4,1,-
DA:128,10000
DA:129,10000
DA:130,10000
DA:131,10000
FN:135,StUsdc.redeemStUsdc
FNDA:80000,StUsdc.redeemStUsdc
DA:136,80000
BRDA:136,5,0,-
BRDA:136,5,1,-
DA:137,80000
BRDA:137,6,0,-
BRDA:137,6,1,-
DA:138,80000
BRDA:138,7,0,-
BRDA:138,7,1,-
DA:140,80000
DA:141,80000
DA:143,80000
BRDA:143,8,0,70000
DA:144,70000
DA:145,70000
BRDA:145,9,0,70000
BRDA:145,9,1,-
DA:148,80000
DA:149,80000
DA:150,80000
DA:152,80000
DA:153,80000
FN:157,StUsdc.poke
FNDA:40002,StUsdc.poke
DA:158,40002
DA:159,40002
DA:160,40002
DA:161,40002
BRDA:161,10,0,40002
DA:162,40002
DA:164,40002
DA:168,40002
DA:169,40002
DA:170,40002
DA:173,0
DA:175,0
FN:183,StUsdc._openLendOrder
FNDA:120183,StUsdc._openLendOrder
DA:184,120183
DA:185,120183
DA:186,120183
DA:187,120183
FN:194,StUsdc._deposit
FNDA:130183,StUsdc._deposit
DA:195,130183
DA:196,130183
BRDA:196,11,0,-
DA:198,130183
DA:199,130183
DA:201,130183
DA:202,130183
BRDA:202,12,0,90183
DA:203,90183
DA:204,90183
DA:205,90183
DA:207,130183
FN:215,StUsdc._processYield
FNDA:20001,StUsdc._processYield
DA:216,20001
DA:218,20001
BRDA:218,13,0,20001
DA:219,20001
DA:220,20001
DA:221,20001
DA:222,20001
DA:224,20001
FN:231,StUsdc._tryOrderCancellation
FNDA:70000,StUsdc._tryOrderCancellation
DA:232,70000
DA:233,70000
DA:236,70000
BRDA:236,14,0,60000
DA:237,60000
DA:238,60000
DA:239,60000
DA:243,70000
BRDA:243,15,0,20000
DA:244,20000
DA:245,20000
BRDA:245,16,0,20000
DA:246,20000
DA:247,20000
DA:248,20000
FN:258,StUsdc._autoLendAsset
FNDA:40002,StUsdc._autoLendAsset
DA:259,40002
DA:260,40002
BRDA:260,17,0,10000
DA:261,10000
DA:262,10000
DA:263,10000
FN:271,StUsdc._protocolValue
FNDA:40002,StUsdc._protocolValue
DA:272,40002
DA:273,40002
DA:274,40002
DA:275,40002
FN:283,StUsdc._liveTbyValue
FNDA:40002,StUsdc._liveTbyValue
DA:284,40002
DA:286,40002
DA:288,40002
DA:289,40002
DA:290,30092
DA:291,30092
FN:296,StUsdc._harvest
FNDA:40002,StUsdc._harvest
DA:297,40002
DA:298,40002
DA:301,40002
DA:303,40002
DA:304,40002
DA:307,20001
DA:309,20001
DA:310,20001
DA:313,20001
DA:314,20001
DA:315,20001
FN:319,StUsdc._distributePokeRewards
FNDA:40002,StUsdc._distributePokeRewards
DA:320,40002
BRDA:320,21,0,40002
DA:321,40002
DA:325,40002
BRDA:325,22,0,40002
DA:326,40002
DA:327,40002
DA:328,40002
FN:334,StUsdc.asset
FNDA:15,StUsdc.asset
DA:335,15
FN:339,StUsdc.tby
FNDA:14,StUsdc.tby
DA:340,14
FN:344,StUsdc.wstUsdc
FNDA:1,StUsdc.wstUsdc
DA:345,1
FN:349,StUsdc.bloomPool
FNDA:0,StUsdc.bloomPool
DA:350,0
FN:354,StUsdc.stakeUpStaking
FNDA:1,StUsdc.stakeUpStaking
DA:355,1
FN:359,StUsdc.stakeUpToken
FNDA:1,StUsdc.stakeUpToken
DA:360,1
FN:364,StUsdc.performanceBps
FNDA:1,StUsdc.performanceBps
DA:365,1
FN:369,StUsdc.globalShares
FNDA:40000,StUsdc.globalShares
DA:370,40000
FN:374,StUsdc.lastRedeemedTbyId
FNDA:100004,StUsdc.lastRedeemedTbyId
DA:375,100004
FN:379,StUsdc.lastRateUpdate
FNDA:60002,StUsdc.lastRateUpdate
DA:380,60002
FNF:24
FNH:23
LF:127
LH:124
BRF:28
BRH:14
end_of_record
TN:
SF:src/token/StUsdcLite.sol
FN:42,StUsdcLite.onlyRelayer
FNDA:0,StUsdcLite.onlyRelayer
DA:43,0
BRDA:43,0,0,-
DA:44,0
FN:51,StUsdcLite.
FNDA:15,StUsdcLite.
DA:54,15
FN:60,StUsdcLite.setUsdPerShare
FNDA:0,StUsdcLite.setUsdPerShare
DA:61,0
FN:70,StUsdcLite.totalSupply
FNDA:40000,StUsdcLite.totalSupply
DA:71,40000
FN:75,StUsdcLite.totalUsd
FNDA:80000,StUsdcLite.totalUsd
DA:76,80000
FN:86,StUsdcLite.balanceOf
FNDA:170000,StUsdcLite.balanceOf
DA:87,170000
FN:101,StUsdcLite.transfer
FNDA:0,StUsdcLite.transfer
DA:102,0
DA:103,0
FN:113,StUsdcLite.allowance
FNDA:0,StUsdcLite.allowance
DA:114,0
FN:125,StUsdcLite.approve
FNDA:0,StUsdcLite.approve
DA:126,0
DA:127,0
FN:144,StUsdcLite.transferFrom
FNDA:0,StUsdcLite.transferFrom
DA:145,0
DA:146,0
DA:147,0
FN:161,StUsdcLite.increaseAllowance
FNDA:0,StUsdcLite.increaseAllowance
DA:162,0
DA:163,0
FN:178,StUsdcLite.decreaseAllowance
FNDA:0,StUsdcLite.decreaseAllowance
DA:179,0
DA:180,0
BRDA:180,1,0,-
BRDA:180,1,1,-
DA:181,0
DA:182,0
FN:186,StUsdcLite.totalShares
FNDA:40000,StUsdcLite.totalShares
DA:187,40000
FN:191,StUsdcLite.sharesOf
FNDA:10000,StUsdcLite.sharesOf
DA:192,10000
FN:196,StUsdcLite.sharesByUsd
FNDA:240184,StUsdcLite.sharesByUsd
DA:197,240184
DA:198,240184
DA:200,240184
BRDA:200,2,0,120003
DA:201,120003
DA:203,120181
BRDA:203,3,0,-
DA:204,0
DA:207,120181
FN:211,StUsdcLite.usdByShares
FNDA:330000,StUsdcLite.usdByShares
DA:212,330000
DA:213,330000
BRDA:213,4,0,90000
DA:214,90000
DA:216,240000
FN:220,StUsdcLite.transferShares
FNDA:0,StUsdcLite.transferShares
DA:221,0
DA:222,0
DA:223,0
DA:224,0
FN:228,StUsdcLite.transferSharesFrom
FNDA:0,StUsdcLite.transferSharesFrom
DA:229,0
DA:230,0
DA:231,0
DA:232,0
DA:233,0
FN:241,StUsdcLite._getTotalUsd
FNDA:810367,StUsdcLite._getTotalUsd
DA:242,810367
FN:249,StUsdcLite._setTotalUsd
FNDA:250185,StUsdcLite._setTotalUsd
DA:250,250185
FN:258,StUsdcLite._transfer
FNDA:0,StUsdcLite._transfer
DA:259,0
DA:260,0
DA:261,0
FN:271,StUsdcLite._approve
FNDA:0,StUsdcLite._approve
DA:272,0
BRDA:272,5,0,-
BRDA:272,5,1,-
DA:273,0
BRDA:273,6,0,-
BRDA:273,6,1,-
DA:275,0
DA:276,0
FN:285,StUsdcLite._spendAllowance
FNDA:0,StUsdcLite._spendAllowance
DA:286,0
DA:287,0
BRDA:287,7,0,-
DA:288,0
BRDA:288,8,0,-
BRDA:288,8,1,-
DA:289,0
FN:294,StUsdcLite._getTotalShares
FNDA:880370,StUsdcLite._getTotalShares
DA:295,880370
FN:299,StUsdcLite._sharesOf
FNDA:180000,StUsdcLite._sharesOf
DA:300,180000
FN:314,StUsdcLite._transferShares
FNDA:0,StUsdcLite._transferShares
DA:315,0
BRDA:315,9,0,-
BRDA:315,9,1,-
DA:316,0
BRDA:316,10,0,-
BRDA:316,10,1,-
DA:318,0
DA:319,0
BRDA:319,11,0,-
BRDA:319,11,1,-
DA:321,0
DA:322,0
FN:333,StUsdcLite._mintShares
FNDA:150184,StUsdcLite._mintShares
DA:334,150184
BRDA:334,12,0,-
BRDA:334,12,1,-
DA:336,150184
DA:337,150184
DA:339,150184
FN:358,StUsdcLite._burnShares
FNDA:80000,StUsdcLite._burnShares
DA:359,80000
BRDA:359,13,0,-
BRDA:359,13,1,-
DA:361,80000
DA:362,80000
BRDA:362,14,0,-
BRDA:362,14,1,-
DA:364,80000
DA:366,80000
DA:367,80000
DA:369,80000
DA:371,80000
DA:373,80000
FN:385,StUsdcLite._emitTransferEvents
FNDA:0,StUsdcLite._emitTransferEvents
DA:386,0
DA:387,0
FN:391,StUsdcLite._setUsdPerShare
FNDA:40002,StUsdcLite._setUsdPerShare
DA:392,40002
DA:393,40002
DA:394,40002
DA:395,40002
FN:398,StUsdcLite._debit
FNDA:0,StUsdcLite._debit
DA:403,0
DA:405,0
DA:406,0
DA:407,0
FN:410,StUsdcLite._credit
FNDA:0,StUsdcLite._credit
DA:415,0
DA:416,0
DA:417,0
FNF:32
FNH:15
LF:90
LH:37
BRF:25
BRH:2
end_of_record
TN:
SF:src/token/StakeUpToken.sol
FN:26,StakeUpToken.onlyAuthorized
FNDA:130185,StakeUpToken.onlyAuthorized
DA:27,130185
BRDA:27,0,0,-
DA:28,0
FN:35,StakeUpToken.
FNDA:14,StakeUpToken.
DA:42,14
DA:44,14
DA:45,14
DA:47,14
BRDA:47,1,0,-
DA:48,0
DA:51,14
FN:55,StakeUpToken.mintLpSupply
FNDA:0,StakeUpToken.mintLpSupply
DA:56,0
DA:57,0
DA:58,0
FN:63,StakeUpToken.airdropTokens
FNDA:0,StakeUpToken.airdropTokens
DA:64,0
DA:65,0
DA:66,0
DA:68,0
DA:69,0
DA:70,0
DA:72,0
BRDA:72,2,0,-
DA:73,0
DA:76,0
DA:77,0
DA:79,0
BRDA:79,3,0,-
FN:83,StakeUpToken.mintRewards
FNDA:130185,StakeUpToken.mintRewards
DA:84,130185
FN:88,StakeUpToken.mintInitialSupply
FNDA:0,StakeUpToken.mintInitialSupply
DA:93,0
DA:94,0
DA:96,0
DA:97,0
BRDA:97,4,0,-
DA:98,0
DA:100,0
DA:101,0
DA:103,0
BRDA:103,5,0,-
DA:104,0
DA:107,0
BRDA:107,6,0,-
FN:110,StakeUpToken._mintAndVest
FNDA:0,StakeUpToken._mintAndVest
DA:111,0
DA:112,0
DA:113,0
DA:114,0
DA:116,0
DA:117,0
DA:118,0
DA:120,0
BRDA:120,7,0,-
DA:121,0
BRDA:121,8,0,-
DA:122,0
DA:124,0
DA:127,0
DA:130,0
DA:132,0
BRDA:132,9,0,-
FN:135,StakeUpToken.transferOwnership
FNDA:0,StakeUpToken.transferOwnership
DA:136,0
FN:139,StakeUpToken._transferOwnership
FNDA:28,StakeUpToken._transferOwnership
DA:140,28
FN:143,StakeUpToken._mint
FNDA:130185,StakeUpToken._mint
DA:144,130185
BRDA:144,10,0,-
DA:145,0
DA:147,130185
FNF:10
FNH:5
LF:52
LH:10
BRF:11
BRH:0
end_of_record
TN:
SF:src/token/StakeUpTokenLite.sol
FN:7,StakeUpTokenLite.
FNDA:0,StakeUpTokenLite.
FNF:1
FNH:0
LF:0
LH:0
BRF:0
BRH:0
end_of_record
TN:
SF:src/token/StakeupToken.sol
FN:26,StakeUpToken.onlyAuthorized
FNDA:0,StakeUpToken.onlyAuthorized
DA:27,0
BRDA:27,0,0,-
DA:28,0
FN:35,StakeUpToken.
FNDA:0,StakeUpToken.
DA:42,0
DA:44,0
DA:45,0
DA:47,0
BRDA:47,1,0,-
DA:48,0
DA:51,0
FN:55,StakeUpToken.mintLpSupply
FNDA:0,StakeUpToken.mintLpSupply
DA:56,0
DA:57,0
DA:58,0
FN:63,StakeUpToken.airdropTokens
FNDA:0,StakeUpToken.airdropTokens
DA:64,0
DA:65,0
DA:66,0
DA:68,0
DA:69,0
DA:70,0
DA:72,0
BRDA:72,2,0,-
DA:73,0
DA:76,0
DA:77,0
DA:79,0
BRDA:79,3,0,-
FN:83,StakeUpToken.mintRewards
FNDA:0,StakeUpToken.mintRewards
DA:84,0
FN:88,StakeUpToken.mintInitialSupply
FNDA:0,StakeUpToken.mintInitialSupply
DA:93,0
DA:94,0
DA:96,0
DA:97,0
BRDA:97,4,0,-
DA:98,0
DA:100,0
DA:101,0
DA:103,0
BRDA:103,5,0,-
DA:104,0
DA:107,0
BRDA:107,6,0,-
FN:110,StakeUpToken._mintAndVest
FNDA:0,StakeUpToken._mintAndVest
DA:111,0
DA:112,0
DA:113,0
DA:114,0
DA:116,0
DA:117,0
DA:118,0
DA:120,0
BRDA:120,7,0,-
DA:121,0
BRDA:121,8,0,-
DA:122,0
DA:124,0
DA:127,0
DA:130,0
DA:132,0
BRDA:132,9,0,-
FN:135,StakeUpToken.transferOwnership
FNDA:0,StakeUpToken.transferOwnership
DA:136,0
FN:139,StakeUpToken._transferOwnership
FNDA:0,StakeUpToken._transferOwnership
DA:140,0
FN:143,StakeUpToken._mint
FNDA:0,StakeUpToken._mint
DA:144,0
BRDA:144,10,0,-
DA:145,0
DA:147,0
FNF:10
FNH:0
LF:52
LH:0
BRF:11
BRH:0
end_of_record
TN:
SF:src/token/WstUsdc.sol
FN:33,WstUsdc.
FNDA:14,WstUsdc.
DA:34,14
DA:35,14
FN:41,WstUsdc.depositAsset
FNDA:0,WstUsdc.depositAsset
DA:42,0
DA:43,0
DA:44,0
DA:45,0
FN:49,WstUsdc.depositTby
FNDA:0,WstUsdc.depositTby
DA:50,0
DA:52,0
DA:53,0
FN:57,WstUsdc.redeemWstUsdc
FNDA:0,WstUsdc.redeemWstUsdc
DA:58,0
DA:59,0
DA:60,0
DA:61,0
FNF:4
FNH:1
LF:13
LH:2
BRF:0
BRH:0
end_of_record
TN:
SF:src/token/WstUsdcLite.sol
FN:26,WstUsdcLite.
FNDA:14,WstUsdcLite.
DA:27,14
FN:33,WstUsdcLite.wrap
FNDA:0,WstUsdcLite.wrap
DA:34,0
DA:35,0
DA:36,0
FN:40,WstUsdcLite.unwrap
FNDA:0,WstUsdcLite.unwrap
DA:41,0
DA:42,0
BRDA:42,0,0,-
DA:44,0
DA:45,0
DA:46,0
FN:50,WstUsdcLite.wstUsdcByStUsdc
FNDA:0,WstUsdcLite.wstUsdcByStUsdc
DA:51,0
FN:55,WstUsdcLite.stUsdcByWstUsdc
FNDA:0,WstUsdcLite.stUsdcByWstUsdc
DA:56,0
FN:60,WstUsdcLite.stUsdcPerToken
FNDA:0,WstUsdcLite.stUsdcPerToken
DA:61,0
FN:65,WstUsdcLite.tokensPerStUsdc
FNDA:0,WstUsdcLite.tokensPerStUsdc
DA:66,0
FN:70,WstUsdcLite.stUsdc
FNDA:14,WstUsdcLite.stUsdc
DA:71,14
FN:78,WstUsdcLite._mintWstUsdc
FNDA:0,WstUsdcLite._mintWstUsdc
DA:79,0
DA:80,0
BRDA:80,1,0,-
DA:81,0
FNF:9
FNH:2
LF:17
LH:2
BRF:2
BRH:0
end_of_record
TN:
SF:tests/foundry/StUsdcSetup.t.sol
FN:66,StUsdcSetup.setUp
FNDA:14,StUsdcSetup.setUp
DA:68,14
DA:69,14
DA:70,14
DA:71,14
DA:73,14
DA:75,14
DA:76,14
DA:77,14
DA:78,14
DA:82,14
DA:88,14
DA:90,14
DA:91,14
DA:93,14
DA:94,14
DA:97,14
DA:98,14
DA:101,14
DA:102,14
DA:103,14
DA:105,14
DA:107,14
DA:114,14
BRDA:114,0,0,-
BRDA:114,0,1,-
DA:116,14
DA:118,14
DA:126,14
DA:127,14
BRDA:127,1,0,-
BRDA:127,1,1,-
DA:129,14
DA:130,14
DA:131,14
BRDA:131,2,0,-
BRDA:131,2,1,-
DA:133,14
DA:134,14
DA:136,14
DA:137,14
DA:138,14
BRDA:138,3,0,-
BRDA:138,3,1,-
DA:141,14
DA:143,14
FN:146,StUsdcSetup._depositAsset
FNDA:110183,StUsdcSetup._depositAsset
DA:147,110183
DA:149,110183
DA:150,110183
DA:153,110183
FN:156,StUsdcSetup._matchBloomOrder
FNDA:60183,StUsdcSetup._matchBloomOrder
DA:157,60183
DA:158,60183
DA:159,60183
DA:160,60183
DA:161,60183
DA:162,60183
FN:165,StUsdcSetup._bloomStartNewTby
FNDA:30183,StUsdcSetup._bloomStartNewTby
DA:166,30183
DA:167,30183
DA:168,30183
DA:170,30183
DA:171,30183
DA:172,30183
DA:173,30183
FN:176,StUsdcSetup._bloomEndTby
FNDA:20001,StUsdcSetup._bloomEndTby
DA:177,20001
DA:178,20001
DA:179,20001
DA:181,20001
DA:182,20001
DA:183,20001
DA:184,20001
FN:187,StUsdcSetup._redeemStUsdc
FNDA:40000,StUsdcSetup._redeemStUsdc
DA:188,40000
DA:189,40000
FN:192,StUsdcSetup._skipAndUpdatePrice
FNDA:50183,StUsdcSetup._skipAndUpdatePrice
DA:193,50183
DA:194,50183
DA:195,50183
DA:196,50183
FNF:7
FNH:7
LF:67
LH:67
BRF:8
BRH:0
end_of_record
TN:
SF:tests/mocks/MockERC20.sol
FN:17,MockERC20.
FNDA:28,MockERC20.
DA:18,28
FN:21,MockERC20.decimals
FNDA:60226,MockERC20.decimals
DA:22,60226
FN:25,MockERC20.mint
FNDA:260551,MockERC20.mint
DA:26,260551
FNF:3
FNH:3
LF:3
LH:3
BRF:0
BRH:0
end_of_record
TN:
SF:tests/mocks/MockEndpoint.sol
FN:7,MockEndpoint.setDelegate
FNDA:43,MockEndpoint.setDelegate
DA:8,43
FNF:1
FNH:1
LF:1
LH:1
BRF:0
BRH:0
end_of_record
TN:
SF:tests/mocks/MockPriceFeed.sol
FN:25,MockPriceFeed.authorized
FNDA:50197,MockPriceFeed.authorized
DA:26,50197
BRDA:26,0,0,50197
BRDA:26,0,1,50197
FN:30,MockPriceFeed.
FNDA:14,MockPriceFeed.
DA:31,14
FN:34,MockPriceFeed.setLatestRoundData
FNDA:50197,MockPriceFeed.setLatestRoundData
DA:41,50197
DA:42,50197
DA:43,50197
DA:44,50197
DA:45,50197
FN:48,MockPriceFeed.setKeeper
FNDA:0,MockPriceFeed.setKeeper
DA:49,0
FN:52,MockPriceFeed.latestRoundData
FNDA:170472,MockPriceFeed.latestRoundData
DA:53,170472
FN:56,MockPriceFeed.decimals
FNDA:60198,MockPriceFeed.decimals
DA:57,60198
FNF:6
FNH:5
LF:10
LH:9
BRF:2
BRH:2
end_of_record
