TN:
SF:src/rewards/CurveGaugeDistributor.sol
FN:34,CurveGaugeDistributor.seedGauges
FNDA:0,CurveGaugeDistributor.seedGauges
DA:35,0
DA:36,0
DA:38,0
DA:39,0
BRDA:39,0,0,-
BRDA:39,0,1,-
DA:41,0
DA:43,0
DA:45,0
DA:52,0
BRDA:52,1,0,-
BRDA:52,1,1,-
DA:53,0
DA:54,0
DA:57,0
DA:58,0
DA:59,0
DA:61,0
FN:67,CurveGaugeDistributor.getCurvePoolData
FNDA:0,CurveGaugeDistributor.getCurvePoolData
DA:68,0
FN:71,CurveGaugeDistributor._setCurvePools
FNDA:0,CurveGaugeDistributor._setCurvePools
DA:72,0
DA:74,0
DA:75,0
BRDA:75,2,0,-
BRDA:75,2,1,-
DA:76,0
BRDA:76,3,0,-
BRDA:76,3,1,-
DA:78,0
FN:82,CurveGaugeDistributor._deployCurveGauges
FNDA:0,CurveGaugeDistributor._deployCurveGauges
DA:83,0
DA:84,0
DA:85,0
DA:87,0
DA:89,0
DA:90,0
DA:91,0
DA:93,0
DA:95,0
DA:97,0
BRDA:97,4,0,-
BRDA:97,4,1,-
DA:99,0
DA:101,0
FNF:4
FNH:0
LF:32
LH:0
BRF:10
BRH:0
end_of_record
TN:
SF:src/rewards/RewardBase.sol
FN:38,RewardBase._calculateDripAmount
FNDA:0,RewardBase._calculateDripAmount
DA:44,0
DA:47,0
BRDA:47,0,0,-
BRDA:47,0,1,-
DA:48,0
DA:51,0
DA:52,0
DA:55,0
BRDA:55,1,0,-
BRDA:55,1,1,-
DA:56,0
DA:60,0
DA:61,0
DA:63,0
FNF:1
FNH:0
LF:10
LH:0
BRF:4
BRH:0
end_of_record
TN:
SF:src/rewards/RewardManager.sol
FN:42,RewardManager.initialize
FNDA:0,RewardManager.initialize
DA:43,0
DA:44,0
DA:45,0
FN:49,RewardManager.distributePokeRewards
FNDA:0,RewardManager.distributePokeRewards
DA:52,0
BRDA:52,0,0,-
BRDA:52,0,1,-
DA:53,0
DA:60,0
BRDA:60,1,0,-
BRDA:60,1,1,-
DA:61,0
DA:62,0
DA:64,0
FN:70,RewardManager.distributeMintRewards
FNDA:0,RewardManager.distributeMintRewards
DA:74,0
BRDA:74,2,0,-
BRDA:74,2,1,-
DA:76,0
DA:79,0
FN:83,RewardManager._executeDelegateStake
FNDA:0,RewardManager._executeDelegateStake
DA:88,0
DA:89,0
FN:93,RewardManager.getStUsd
FNDA:0,RewardManager.getStUsd
DA:94,0
FN:98,RewardManager.getStakeupToken
FNDA:0,RewardManager.getStakeupToken
DA:99,0
FN:103,RewardManager.getStakeupStaking
FNDA:0,RewardManager.getStakeupStaking
DA:104,0
FNF:7
FNH:0
LF:17
LH:0
BRF:6
BRH:0
end_of_record
TN:
SF:src/staking/StakeupStaking.sol
FN:110,StakeupStaking.stake
FNDA:0,StakeupStaking.stake
DA:111,0
FN:115,StakeupStaking.delegateStake
FNDA:0,StakeupStaking.delegateStake
DA:116,0
FN:120,StakeupStaking.unstake
FNDA:0,StakeupStaking.unstake
DA:124,0
DA:126,0
BRDA:126,0,0,-
BRDA:126,0,1,-
DA:128,0
DA:129,0
DA:131,0
DA:132,0
DA:134,0
BRDA:134,1,0,-
BRDA:134,1,1,-
DA:135,0
DA:138,0
DA:140,0
FN:144,StakeupStaking.harvest
FNDA:0,StakeupStaking.harvest
DA:145,0
FN:149,StakeupStaking.harvest
FNDA:0,StakeupStaking.harvest
DA:152,0
DA:154,0
BRDA:154,2,0,-
BRDA:154,2,1,-
DA:156,0
DA:158,0
FN:162,StakeupStaking.processFees
FNDA:0,StakeupStaking.processFees
DA:165,0
BRDA:165,3,0,-
BRDA:165,3,1,-
DA:167,0
DA:169,0
DA:172,0
BRDA:172,4,0,-
BRDA:172,4,1,-
DA:173,0
DA:174,0
DA:175,0
DA:176,0
DA:180,0
FN:184,StakeupStaking.claimableRewards
FNDA:0,StakeupStaking.claimableRewards
DA:187,0
FN:191,StakeupStaking.getStakupToken
FNDA:0,StakeupStaking.getStakupToken
DA:192,0
FN:196,StakeupStaking.getSupVestingContract
FNDA:0,StakeupStaking.getSupVestingContract
DA:197,0
FN:201,StakeupStaking.getStUSD
FNDA:0,StakeupStaking.getStUSD
DA:202,0
FN:206,StakeupStaking.getRewardManager
FNDA:0,StakeupStaking.getRewardManager
DA:207,0
FN:211,StakeupStaking.totalStakeUpStaked
FNDA:0,StakeupStaking.totalStakeUpStaked
DA:212,0
FN:216,StakeupStaking.getRewardData
FNDA:0,StakeupStaking.getRewardData
DA:217,0
FN:221,StakeupStaking.getUserStakingData
FNDA:0,StakeupStaking.getUserStakingData
DA:222,0
FN:225,StakeupStaking._stake
FNDA:0,StakeupStaking._stake
DA:226,0
DA:228,0
BRDA:228,5,0,-
BRDA:228,5,1,-
DA:230,0
DA:231,0
DA:235,0
BRDA:235,6,0,-
BRDA:235,6,1,-
DA:236,0
DA:243,0
FN:246,StakeupStaking._harvest
FNDA:0,StakeupStaking._harvest
DA:250,0
DA:251,0
DA:252,0
DA:253,0
FN:256,StakeupStaking._lastTimeRewardApplicable
FNDA:0,StakeupStaking._lastTimeRewardApplicable
DA:259,0
FN:262,StakeupStaking._rewardPerToken
FNDA:0,StakeupStaking._rewardPerToken
DA:263,0
DA:265,0
DA:266,0
DA:268,0
BRDA:268,7,0,-
BRDA:268,7,1,-
DA:269,0
DA:271,0
DA:275,0
DA:276,0
DA:277,0
FN:284,StakeupStaking._rewardsEarned
FNDA:0,StakeupStaking._rewardsEarned
DA:285,0
DA:286,0
DA:290,0
DA:291,0
DA:296,0
FN:299,StakeupStaking._totalSupLockedInVesting
FNDA:0,StakeupStaking._totalSupLockedInVesting
DA:300,0
DA:301,0
FNF:20
FNH:0
LF:62
LH:0
BRF:16
BRH:0
end_of_record
TN:
SF:src/token/RedemptionNFT.sol
FN:28,RedemptionNFT.addWithdrawalRequest
FNDA:0,RedemptionNFT.addWithdrawalRequest
DA:32,0
DA:34,0
DA:40,0
DA:42,0
FN:46,RedemptionNFT.claimWithdrawal
FNDA:0,RedemptionNFT.claimWithdrawal
DA:47,0
DA:49,0
BRDA:49,0,0,-
BRDA:49,0,1,-
DA:50,0
BRDA:50,1,0,-
BRDA:50,1,1,-
DA:52,0
DA:54,0
FN:60,RedemptionNFT.clearCredits
FNDA:0,RedemptionNFT.clearCredits
DA:61,0
DA:62,0
BRDA:62,2,0,-
BRDA:62,2,1,-
DA:64,0
DA:65,0
DA:67,0
DA:73,0
BRDA:73,3,0,-
BRDA:73,3,1,-
DA:75,0
BRDA:75,4,0,-
BRDA:75,4,1,-
DA:77,0
DA:78,0
DA:81,0
FN:91,RedemptionNFT.getWithdrawalRequest
FNDA:0,RedemptionNFT.getWithdrawalRequest
DA:94,0
FN:98,RedemptionNFT.getStUSD
FNDA:0,RedemptionNFT.getStUSD
DA:99,0
FN:109,RedemptionNFT._generateNextTokenId
FNDA:0,RedemptionNFT._generateNextTokenId
DA:124,0
FN:128,RedemptionNFT._transfer
FNDA:0,RedemptionNFT._transfer
DA:129,0
DA:131,0
BRDA:131,5,0,-
BRDA:131,5,1,-
DA:132,0
BRDA:132,6,0,-
BRDA:132,6,1,-
DA:134,0
DA:136,0
FN:139,RedemptionNFT._receiveRequestData
FNDA:0,RedemptionNFT._receiveRequestData
DA:140,0
DA:141,0
DA:142,0
FN:146,RedemptionNFT._send
FNDA:0,RedemptionNFT._send
DA:156,0
DA:157,0
BRDA:157,7,0,-
BRDA:157,7,1,-
DA:158,0
BRDA:158,8,0,-
BRDA:158,8,1,-
DA:160,0
DA:162,0
DA:164,0
DA:166,0
DA:168,0
DA:171,0
DA:174,0
DA:176,0
DA:177,0
DA:178,0
FN:181,RedemptionNFT._nonblockingLzReceive
FNDA:0,RedemptionNFT._nonblockingLzReceive
DA:188,0
DA:189,0
DA:191,0
DA:193,0
DA:196,0
DA:197,0
BRDA:197,9,0,-
BRDA:197,9,1,-
DA:199,0
DA:200,0
DA:201,0
DA:204,0
FN:214,RedemptionNFT._creditTill2
FNDA:0,RedemptionNFT._creditTill2
DA:220,0
DA:221,0
DA:223,0
DA:225,0
BRDA:225,10,0,-
BRDA:225,10,1,-
DA:228,0
DA:235,0
DA:236,0
DA:241,0
FN:251,RedemptionNFT._burnFrom
FNDA:0,RedemptionNFT._burnFrom
DA:255,0
BRDA:255,11,0,-
BRDA:255,11,1,-
DA:256,0
BRDA:256,12,0,-
BRDA:256,12,1,-
DA:258,0
FN:268,RedemptionNFT._mintTo
FNDA:0,RedemptionNFT._mintTo
DA:272,0
BRDA:272,13,0,-
BRDA:272,13,1,-
DA:274,0
FNF:13
FNH:0
LF:66
LH:0
BRF:28
BRH:0
end_of_record
TN:
SF:src/token/SUPVesting.sol
FN:38,SUPVesting.getAvailableTokens
FNDA:0,SUPVesting.getAvailableTokens
DA:39,0
DA:40,0
DA:41,0
DA:43,0
BRDA:43,0,0,-
BRDA:43,0,1,-
DA:44,0
DA:46,0
DA:47,0
FN:52,SUPVesting.vestTokens
FNDA:0,SUPVesting.vestTokens
DA:53,0
DA:57,0
BRDA:57,1,0,-
BRDA:57,1,1,-
DA:58,0
DA:59,0
DA:60,0
DA:62,0
DA:64,0
FN:70,SUPVesting.claimAvailableTokens
FNDA:0,SUPVesting.claimAvailableTokens
DA:71,0
DA:72,0
DA:74,0
DA:76,0
BRDA:76,2,0,-
BRDA:76,2,1,-
DA:77,0
DA:80,0
DA:82,0
FN:86,SUPVesting.getCurrentBalance
FNDA:0,SUPVesting.getCurrentBalance
DA:89,0
FN:93,SUPVesting.getSUPToken
FNDA:0,SUPVesting.getSUPToken
DA:94,0
FN:97,SUPVesting._validateTimeElapsed
FNDA:0,SUPVesting._validateTimeElapsed
DA:98,0
FNF:6
FNH:0
LF:24
LH:0
BRF:6
BRH:0
end_of_record
TN:
SF:src/token/StUSD.sol
FN:129,StUSD.depositTby
FNDA:0,StUSD.depositTby
DA:130,0
BRDA:130,0,0,-
BRDA:130,0,1,-
DA:131,0
DA:132,0
BRDA:132,1,0,-
BRDA:132,1,1,-
DA:134,0
DA:136,0
BRDA:136,2,0,-
BRDA:136,2,1,-
DA:137,0
DA:140,0
FN:144,StUSD.depositUnderlying
FNDA:0,StUSD.depositUnderlying
DA:145,0
DA:146,0
DA:148,0
BRDA:148,3,0,-
BRDA:148,3,1,-
DA:149,0
DA:150,0
DA:151,0
DA:153,0
DA:156,0
FN:160,StUSD.redeemStUSD
FNDA:0,StUSD.redeemStUSD
DA:161,0
FN:165,StUSD.redeemWstUSD
FNDA:0,StUSD.redeemWstUSD
DA:166,0
DA:167,0
DA:168,0
DA:169,0
FN:173,StUSD.getRemainingBalance
FNDA:0,StUSD.getRemainingBalance
DA:174,0
FN:178,StUSD.withdraw
FNDA:0,StUSD.withdraw
DA:179,0
DA:181,0
DA:183,0
BRDA:183,4,0,-
BRDA:183,4,1,-
DA:184,0
DA:186,0
BRDA:186,5,0,-
BRDA:186,5,1,-
DA:188,0
DA:190,0
DA:191,0
DA:195,0
FN:202,StUSD.redeemUnderlying
FNDA:0,StUSD.redeemUnderlying
DA:203,0
BRDA:203,6,0,-
BRDA:203,6,1,-
DA:205,0
DA:207,0
DA:209,0
DA:211,0
BRDA:211,7,0,-
BRDA:211,7,1,-
DA:212,0
DA:213,0
DA:214,0
DA:216,0
DA:219,0
DA:220,0
DA:222,0
DA:224,0
BRDA:224,8,0,-
BRDA:224,8,1,-
DA:225,0
FN:238,StUSD.poke
FNDA:0,StUSD.poke
DA:239,0
DA:240,0
DA:241,0
DA:243,0
BRDA:243,9,0,-
BRDA:243,9,1,-
DA:244,0
BRDA:244,10,0,-
BRDA:244,10,1,-
DA:245,0
DA:249,0
BRDA:249,11,0,-
BRDA:249,11,1,-
DA:250,0
BRDA:250,12,0,-
BRDA:250,12,1,-
DA:251,0
DA:256,0
BRDA:256,13,0,-
BRDA:256,13,1,-
DA:257,0
DA:258,0
DA:259,0
DA:262,0
BRDA:262,14,0,-
BRDA:262,14,1,-
DA:263,0
FN:268,StUSD.setNftTrustedRemote
FNDA:0,StUSD.setNftTrustedRemote
DA:269,0
FN:273,StUSD.getWstUSD
FNDA:0,StUSD.getWstUSD
DA:274,0
FN:278,StUSD.getUnderlyingToken
FNDA:0,StUSD.getUnderlyingToken
DA:279,0
FN:283,StUSD.getBloomFactory
FNDA:0,StUSD.getBloomFactory
DA:284,0
FN:288,StUSD.getExchangeRateRegistry
FNDA:0,StUSD.getExchangeRateRegistry
DA:289,0
FN:293,StUSD.getStakeupStaking
FNDA:0,StUSD.getStakeupStaking
DA:294,0
FN:298,StUSD.getRewardManager
FNDA:0,StUSD.getRewardManager
DA:299,0
FN:303,StUSD.getRedemptionNFT
FNDA:0,StUSD.getRedemptionNFT
DA:304,0
FN:308,StUSD.getMintBps
FNDA:0,StUSD.getMintBps
DA:309,0
FN:313,StUSD.getRedeemBps
FNDA:0,StUSD.getRedeemBps
DA:314,0
FN:318,StUSD.getPerformanceBps
FNDA:0,StUSD.getPerformanceBps
DA:319,0
FN:327,StUSD._deposit
FNDA:0,StUSD._deposit
DA:329,0
DA:331,0
DA:332,0
DA:334,0
BRDA:334,15,0,-
BRDA:334,15,1,-
DA:335,0
DA:337,0
DA:340,0
DA:342,0
DA:343,0
DA:345,0
DA:347,0
BRDA:347,16,0,-
BRDA:347,16,1,-
DA:348,0
DA:349,0
DA:352,0
DA:354,0
FN:361,StUSD._redeemStUSD
FNDA:0,StUSD._redeemStUSD
DA:362,0
BRDA:362,17,0,-
BRDA:362,17,1,-
DA:364,0
DA:366,0
DA:368,0
DA:370,0
FN:373,StUSD._redeem
FNDA:0,StUSD._redeem
DA:380,0
BRDA:380,18,0,-
BRDA:380,18,1,-
DA:382,0
DA:384,0
BRDA:384,19,0,-
BRDA:384,19,1,-
DA:385,0
DA:386,0
DA:387,0
DA:389,0
DA:390,0
DA:392,0
DA:395,0
DA:397,0
DA:399,0
FN:408,StUSD._processProceeds
FNDA:0,StUSD._processProceeds
DA:409,0
DA:411,0
DA:413,0
BRDA:413,20,0,-
BRDA:413,20,1,-
DA:414,0
DA:416,0
DA:417,0
DA:419,0
DA:422,0
BRDA:422,21,0,-
BRDA:422,21,1,-
DA:423,0
DA:426,0
FN:436,StUSD._autoMintTBY
FNDA:0,StUSD._autoMintTBY
DA:437,0
DA:439,0
BRDA:439,22,0,-
BRDA:439,22,1,-
DA:440,0
DA:441,0
DA:443,0
DA:445,0
DA:446,0
DA:448,0
DA:450,0
DA:452,0
DA:454,0
DA:457,0
FN:465,StUSD._within24HoursOfCommitPhaseEnd
FNDA:0,StUSD._within24HoursOfCommitPhaseEnd
DA:469,0
DA:470,0
DA:472,0
BRDA:472,23,0,-
BRDA:472,23,1,-
DA:473,0
DA:474,0
BRDA:474,24,0,-
BRDA:474,24,1,-
DA:475,0
DA:479,0
FN:487,StUSD._isElegibleForAdjustment
FNDA:0,StUSD._isElegibleForAdjustment
DA:488,0
DA:489,0
DA:490,0
FN:499,StUSD._adjustRemainingBalance
FNDA:0,StUSD._adjustRemainingBalance
DA:500,0
DA:501,0
DA:503,0
BRDA:503,25,0,-
BRDA:503,25,1,-
DA:504,0
DA:505,0
DA:506,0
DA:508,0
DA:510,0
FN:517,StUSD._getLatestPool
FNDA:0,StUSD._getLatestPool
DA:518,0
FN:527,StUSD._mintRedemptionNFT
FNDA:0,StUSD._mintRedemptionNFT
DA:528,0
FN:534,StUSD._getCurrentTbyValue
FNDA:0,StUSD._getCurrentTbyValue
DA:535,0
DA:536,0
DA:538,0
DA:539,0
DA:540,0
DA:541,0
DA:546,0
FNF:30
FNH:0
LF:151
LH:0
BRF:52
BRH:0
end_of_record
TN:
SF:src/token/StUSDBase.sol
FN:45,StUSDBase.circulatingSupply
FNDA:0,StUSDBase.circulatingSupply
DA:46,0
FN:55,StUSDBase.totalSupply
FNDA:0,StUSDBase.totalSupply
DA:56,0
FN:60,StUSDBase.getTotalUsd
FNDA:0,StUSDBase.getTotalUsd
DA:61,0
FN:71,StUSDBase.balanceOf
FNDA:0,StUSDBase.balanceOf
DA:72,0
FN:86,StUSDBase.transfer
FNDA:0,StUSDBase.transfer
DA:87,0
DA:88,0
FN:98,StUSDBase.allowance
FNDA:0,StUSDBase.allowance
DA:99,0
FN:110,StUSDBase.approve
FNDA:0,StUSDBase.approve
DA:111,0
DA:112,0
FN:129,StUSDBase.transferFrom
FNDA:0,StUSDBase.transferFrom
DA:134,0
DA:135,0
DA:136,0
FN:150,StUSDBase.increaseAllowance
FNDA:0,StUSDBase.increaseAllowance
DA:154,0
DA:155,0
FN:170,StUSDBase.decreaseAllowance
FNDA:0,StUSDBase.decreaseAllowance
DA:174,0
DA:175,0
BRDA:175,0,0,-
BRDA:175,0,1,-
DA:176,0
DA:177,0
FN:181,StUSDBase.getTotalShares
FNDA:0,StUSDBase.getTotalShares
DA:182,0
FN:186,StUSDBase.sharesOf
FNDA:0,StUSDBase.sharesOf
DA:187,0
FN:191,StUSDBase.getSharesByUsd
FNDA:0,StUSDBase.getSharesByUsd
DA:192,0
DA:193,0
DA:195,0
BRDA:195,1,0,-
BRDA:195,1,1,-
DA:196,0
DA:198,0
BRDA:198,2,0,-
BRDA:198,2,1,-
DA:199,0
DA:202,0
FN:206,StUSDBase.getUsdByShares
FNDA:0,StUSDBase.getUsdByShares
DA:207,0
DA:208,0
BRDA:208,3,0,-
BRDA:208,3,1,-
DA:209,0
DA:211,0
FN:225,StUSDBase.transferShares
FNDA:0,StUSDBase.transferShares
DA:226,0
DA:227,0
DA:228,0
DA:229,0
FN:244,StUSDBase.transferSharesFrom
FNDA:0,StUSDBase.transferSharesFrom
DA:248,0
DA:249,0
DA:250,0
DA:251,0
DA:252,0
FN:260,StUSDBase._getTotalUsd
FNDA:0,StUSDBase._getTotalUsd
DA:261,0
FN:268,StUSDBase._setTotalUsd
FNDA:0,StUSDBase._setTotalUsd
DA:269,0
FN:277,StUSDBase._transfer
FNDA:0,StUSDBase._transfer
DA:278,0
DA:279,0
DA:280,0
FN:290,StUSDBase._approve
FNDA:0,StUSDBase._approve
DA:291,0
BRDA:291,4,0,-
BRDA:291,4,1,-
DA:292,0
BRDA:292,5,0,-
BRDA:292,5,1,-
DA:294,0
DA:295,0
FN:304,StUSDBase._spendAllowance
FNDA:0,StUSDBase._spendAllowance
DA:305,0
DA:306,0
BRDA:306,6,0,-
BRDA:306,6,1,-
DA:307,0
BRDA:307,7,0,-
BRDA:307,7,1,-
DA:308,0
FN:313,StUSDBase._getTotalShares
FNDA:0,StUSDBase._getTotalShares
DA:314,0
FN:318,StUSDBase._sharesOf
FNDA:0,StUSDBase._sharesOf
DA:319,0
FN:333,StUSDBase._transferShares
FNDA:0,StUSDBase._transferShares
DA:334,0
BRDA:334,8,0,-
BRDA:334,8,1,-
DA:335,0
BRDA:335,9,0,-
BRDA:335,9,1,-
DA:337,0
DA:338,0
BRDA:338,10,0,-
BRDA:338,10,1,-
DA:340,0
DA:341,0
FN:352,StUSDBase._mintShares
FNDA:0,StUSDBase._mintShares
DA:353,0
BRDA:353,11,0,-
BRDA:353,11,1,-
DA:355,0
DA:356,0
DA:358,0
FN:377,StUSDBase._burnShares
FNDA:0,StUSDBase._burnShares
DA:378,0
BRDA:378,12,0,-
BRDA:378,12,1,-
DA:380,0
DA:381,0
BRDA:381,13,0,-
BRDA:381,13,1,-
DA:383,0
DA:385,0
DA:386,0
DA:388,0
DA:390,0
DA:392,0
FN:404,StUSDBase._emitTransferEvents
FNDA:0,StUSDBase._emitTransferEvents
DA:405,0
DA:406,0
FN:409,StUSDBase._debitFrom
FNDA:0,StUSDBase._debitFrom
DA:415,0
DA:416,0
BRDA:416,14,0,-
BRDA:416,14,1,-
DA:417,0
DA:418,0
DA:419,0
FN:422,StUSDBase._creditTo
FNDA:0,StUSDBase._creditTo
DA:427,0
DA:428,0
FNF:29
FNH:0
LF:83
LH:0
BRF:30
BRH:0
end_of_record
TN:
SF:src/token/StakeupToken.sol
FN:40,StakeupToken.mintLpSupply
FNDA:0,StakeupToken.mintLpSupply
DA:41,0
DA:42,0
DA:43,0
FN:48,StakeupToken.airdropTokens
FNDA:0,StakeupToken.airdropTokens
DA:52,0
DA:53,0
DA:55,0
DA:57,0
DA:58,0
DA:59,0
DA:62,0
BRDA:62,0,0,-
BRDA:62,0,1,-
DA:64,0
DA:65,0
DA:67,0
BRDA:67,1,0,-
BRDA:67,1,1,-
FN:71,StakeupToken.mintRewards
FNDA:0,StakeupToken.mintRewards
DA:72,0
FN:76,StakeupToken.mintInitialSupply
FNDA:0,StakeupToken.mintInitialSupply
DA:80,0
DA:81,0
DA:83,0
DA:84,0
BRDA:84,2,0,-
BRDA:84,2,1,-
DA:85,0
DA:87,0
DA:88,0
DA:90,0
BRDA:90,3,0,-
BRDA:90,3,1,-
DA:92,0
BRDA:92,4,0,-
BRDA:92,4,1,-
FN:95,StakeupToken._mintAndVest
FNDA:0,StakeupToken._mintAndVest
DA:99,0
DA:100,0
DA:102,0
DA:103,0
DA:105,0
DA:106,0
DA:107,0
DA:110,0
BRDA:110,5,0,-
BRDA:110,5,1,-
DA:111,0
BRDA:111,6,0,-
BRDA:111,6,1,-
DA:112,0
DA:115,0
DA:118,0
DA:120,0
BRDA:120,7,0,-
BRDA:120,7,1,-
FN:123,StakeupToken.transferOwnership
FNDA:0,StakeupToken.transferOwnership
DA:126,0
FN:129,StakeupToken._transferOwnership
FNDA:0,StakeupToken._transferOwnership
DA:132,0
FN:135,StakeupToken._mint
FNDA:0,StakeupToken._mint
DA:136,0
BRDA:136,8,0,-
BRDA:136,8,1,-
DA:137,0
FNF:8
FNH:0
LF:40
LH:0
BRF:18
BRH:0
end_of_record
TN:
SF:src/token/WstUSD.sol
FN:23,WstUSD.wrap
FNDA:0,WstUSD.wrap
DA:24,0
BRDA:24,0,0,-
BRDA:24,0,1,-
DA:25,0
DA:26,0
DA:27,0
DA:32,0
FN:36,WstUSD.unwrap
FNDA:0,WstUSD.unwrap
DA:37,0
BRDA:37,1,0,-
BRDA:37,1,1,-
DA:38,0
DA:39,0
DA:40,0
DA:41,0
FN:45,WstUSD.getWstUSDByStUSD
FNDA:0,WstUSD.getWstUSDByStUSD
DA:48,0
FN:52,WstUSD.getStUSDByWstUSD
FNDA:0,WstUSD.getStUSDByWstUSD
DA:55,0
FN:59,WstUSD.stUsdPerToken
FNDA:0,WstUSD.stUsdPerToken
DA:60,0
FN:64,WstUSD.tokensPerStUsd
FNDA:0,WstUSD.tokensPerStUsd
DA:65,0
FN:69,WstUSD.getStUSD
FNDA:0,WstUSD.getStUSD
DA:70,0
FNF:7
FNH:0
LF:15
LH:0
BRF:4
BRH:0
end_of_record
TN:
SF:tests/mocks/Curve/MockCurveFactory.sol
FN:9,MockCurveFactory.deploy_gauge
FNDA:0,MockCurveFactory.deploy_gauge
DA:10,0
DA:11,0
FNF:1
FNH:0
LF:2
LH:0
BRF:0
BRH:0
end_of_record
TN:
SF:tests/mocks/Curve/MockCurveGauge.sol
FN:11,MockCurveGauge.add_reward
FNDA:0,MockCurveGauge.add_reward
DA:15,0
DA:16,0
FN:19,MockCurveGauge.deposit_reward_token
FNDA:0,MockCurveGauge.deposit_reward_token
DA:23,0
BRDA:23,0,0,-
BRDA:23,0,1,-
DA:24,0
FNF:2
FNH:0
LF:4
LH:0
BRF:2
BRH:0
end_of_record
TN:
SF:tests/mocks/MockBloomFactory.sol
FN:18,MockBloomFactory.getLastCreatedPool
FNDA:0,MockBloomFactory.getLastCreatedPool
DA:19,0
FN:22,MockBloomFactory.setLastCreatedPool
FNDA:0,MockBloomFactory.setLastCreatedPool
DA:23,0
FNF:2
FNH:0
LF:2
LH:0
BRF:0
BRH:0
end_of_record
TN:
SF:tests/mocks/MockBloomPool.sol
FN:45,MockBloomPool.initiatePreHoldSwap
FNDA:0,MockBloomPool.initiatePreHoldSwap
DA:46,0
DA:47,0
DA:48,0
FN:51,MockBloomPool.initiatePostHoldSwap
FNDA:0,MockBloomPool.initiatePostHoldSwap
DA:52,0
DA:53,0
DA:54,0
FN:57,MockBloomPool.completeSwap
FNDA:0,MockBloomPool.completeSwap
FN:59,MockBloomPool.withdrawLender
FNDA:0,MockBloomPool.withdrawLender
DA:60,0
DA:61,0
DA:62,0
DA:63,0
DA:64,0
DA:65,0
BRDA:65,0,0,-
BRDA:65,0,1,-
DA:66,0
DA:71,0
FN:74,MockBloomPool.depositLender
FNDA:0,MockBloomPool.depositLender
DA:77,0
DA:78,0
FN:81,MockBloomPool.state
FNDA:0,MockBloomPool.state
DA:82,0
FN:85,MockBloomPool.COMMIT_PHASE_END
FNDA:0,MockBloomPool.COMMIT_PHASE_END
DA:86,0
FN:89,MockBloomPool.setCommitPhaseEnd
FNDA:0,MockBloomPool.setCommitPhaseEnd
DA:90,0
FN:93,MockBloomPool.setState
FNDA:0,MockBloomPool.setState
DA:94,0
FN:97,MockBloomPool.EMERGENCY_HANDLER
FNDA:0,MockBloomPool.EMERGENCY_HANDLER
DA:98,0
FN:101,MockBloomPool.setEmergencyHandler
FNDA:0,MockBloomPool.setEmergencyHandler
DA:102,0
FN:105,MockBloomPool.emergencyBurn
FNDA:0,MockBloomPool.emergencyBurn
DA:106,0
FN:109,MockBloomPool.UNDERLYING_TOKEN
FNDA:0,MockBloomPool.UNDERLYING_TOKEN
DA:110,0
FNF:13
FNH:0
LF:24
LH:0
BRF:2
BRH:0
end_of_record
TN:
SF:tests/mocks/MockERC20.sol
FN:21,MockERC20.decimals
FNDA:0,MockERC20.decimals
DA:22,0
FN:25,MockERC20.mint
FNDA:0,MockERC20.mint
DA:26,0
FN:30,MockERC20.getUsdByShares
FNDA:0,MockERC20.getUsdByShares
DA:31,0
FN:35,MockERC20.mintRewards
FNDA:0,MockERC20.mintRewards
DA:36,0
FNF:4
FNH:0
LF:4
LH:0
BRF:0
BRH:0
end_of_record
TN:
SF:tests/mocks/MockEmergencyHandler.sol
FN:22,MockEmergencyHandler.redeem
FNDA:0,MockEmergencyHandler.redeem
DA:23,0
DA:24,0
DA:25,0
DA:26,0
FN:29,MockEmergencyHandler.setNumTokensToRedeem
FNDA:0,MockEmergencyHandler.setNumTokensToRedeem
DA:30,0
FNF:2
FNH:0
LF:5
LH:0
BRF:0
BRH:0
end_of_record
TN:
SF:tests/mocks/MockRegistry.sol
FN:27,MockRegistry.tokenInfos
FNDA:0,MockRegistry.tokenInfos
DA:30,0
FN:33,MockRegistry.setTokenInfos
FNDA:0,MockRegistry.setTokenInfos
DA:34,0
FN:41,MockRegistry.getActiveTokens
FNDA:0,MockRegistry.getActiveTokens
DA:47,0
FN:50,MockRegistry.setActiveTokens
FNDA:0,MockRegistry.setActiveTokens
DA:51,0
FN:54,MockRegistry.getExchangeRate
FNDA:0,MockRegistry.getExchangeRate
DA:57,0
FN:60,MockRegistry.setExchangeRate
FNDA:0,MockRegistry.setExchangeRate
DA:61,0
FNF:6
FNH:0
LF:6
LH:0
BRF:0
BRH:0
end_of_record
TN:
SF:tests/mocks/MockRewardManager.sol
FN:7,MockRewardManager.initialize
FNDA:0,MockRewardManager.initialize
FN:9,MockRewardManager.distributePokeRewards
FNDA:0,MockRewardManager.distributePokeRewards
FN:11,MockRewardManager.distributeMintRewards
FNDA:0,MockRewardManager.distributeMintRewards
FN:16,MockRewardManager.getStUsd
FNDA:0,MockRewardManager.getStUsd
FN:18,MockRewardManager.getStakeupToken
FNDA:0,MockRewardManager.getStakeupToken
FN:20,MockRewardManager.getStakeupStaking
FNDA:0,MockRewardManager.getStakeupStaking
FNF:6
FNH:0
LF:0
LH:0
BRF:0
BRH:0
end_of_record
TN:
SF:tests/mocks/MockSUPVesting.sol
FN:8,MockSUPVesting.getAvailableTokens
FNDA:0,MockSUPVesting.getAvailableTokens
FN:12,MockSUPVesting.vestTokens
FNDA:0,MockSUPVesting.vestTokens
FN:16,MockSUPVesting.claimAvailableTokens
FNDA:0,MockSUPVesting.claimAvailableTokens
FN:18,MockSUPVesting.getCurrentBalance
FNDA:0,MockSUPVesting.getCurrentBalance
FN:22,MockSUPVesting.getSUPToken
FNDA:0,MockSUPVesting.getSUPToken
FNF:5
FNH:0
LF:0
LH:0
BRF:0
BRH:0
end_of_record
TN:
SF:tests/mocks/MockStakeupStaking.sol
FN:12,MockStakeupStaking.processFees
FNDA:0,MockStakeupStaking.processFees
FN:14,MockStakeupStaking.stake
FNDA:0,MockStakeupStaking.stake
FN:16,MockStakeupStaking.unstake
FNDA:0,MockStakeupStaking.unstake
FN:21,MockStakeupStaking.harvest
FNDA:0,MockStakeupStaking.harvest
FN:23,MockStakeupStaking.harvest
FNDA:0,MockStakeupStaking.harvest
FN:25,MockStakeupStaking.claimableRewards
FNDA:0,MockStakeupStaking.claimableRewards
FN:29,MockStakeupStaking.delegateStake
FNDA:0,MockStakeupStaking.delegateStake
FN:34,MockStakeupStaking.getRewardManager
FNDA:0,MockStakeupStaking.getRewardManager
DA:35,0
FN:38,MockStakeupStaking.setRewardManager
FNDA:0,MockStakeupStaking.setRewardManager
DA:39,0
FN:42,MockStakeupStaking.getStakupToken
FNDA:0,MockStakeupStaking.getStakupToken
FN:44,MockStakeupStaking.getSupVestingContract
FNDA:0,MockStakeupStaking.getSupVestingContract
FN:51,MockStakeupStaking.getStUSD
FNDA:0,MockStakeupStaking.getStUSD
FN:53,MockStakeupStaking.totalStakeUpStaked
FNDA:0,MockStakeupStaking.totalStakeUpStaked
FN:55,MockStakeupStaking.getRewardData
FNDA:0,MockStakeupStaking.getRewardData
FN:62,MockStakeupStaking.getUserStakingData
FNDA:0,MockStakeupStaking.getUserStakingData
FNF:15
FNH:0
LF:2
LH:0
BRF:0
BRH:0
end_of_record
TN:
SF:tests/mocks/MockSwapFacility.sol
FN:46,MockSwapFacility.setRate
FNDA:0,MockSwapFacility.setRate
DA:47,0
FN:50,MockSwapFacility.completeNextSwap
FNDA:0,MockSwapFacility.completeNextSwap
DA:51,0
DA:52,0
BRDA:52,0,0,-
BRDA:52,0,1,-
DA:53,0
DA:54,0
DA:55,0
DA:56,0
FN:62,MockSwapFacility.swap
FNDA:0,MockSwapFacility.swap
DA:69,0
BRDA:68,1,0,-
BRDA:68,1,1,-
DA:72,0
DA:80,0
BRDA:80,2,0,-
BRDA:80,2,1,-
DA:84,0
DA:88,0
FNF:3
FNH:0
LF:12
LH:0
BRF:6
BRH:0
end_of_record
