TN:
SF:lib/openzeppelin-contracts/contracts/access/Ownable.sol
FNF:0
FNH:0
DA:42,1
DA:43,1
DA:77,6
DA:78,36
DA:79,12
DA:80,36
LF:6
LH:6
end_of_record
TN:
SF:lib/openzeppelin-contracts/contracts/security/ReentrancyGuard.sol
FNF:0
FNH:0
DA:49,23
DA:50,9
DA:52,60
DA:55,9
DA:57,9
DA:60,9
DA:63,9
DA:66,9
LF:8
LH:8
end_of_record
TN:
SF:lib/openzeppelin-contracts/contracts/token/ERC20/ERC20.sol
FNF:0
FNH:0
DA:61,22
DA:93,8
DA:100,6
DA:101,12
DA:112,2
DA:114,2
DA:121,6
DA:122,11
DA:135,19
DA:137,10
DA:138,10
DA:157,6
DA:159,8
DA:160,8
DA:161,8
DA:221,8
DA:222,10
DA:223,10
DA:227,10
DA:228,10
DA:230,10
DA:233,20
DA:236,20
DA:238,10
DA:250,8
DA:251,8
DA:255,8
DA:258,8
DA:260,8
DA:276,5
DA:277,2
DA:281,2
DA:282,2
DA:284,4
DA:286,2
DA:289,4
DA:307,13
DA:308,16
DA:309,16
DA:311,16
DA:312,18
DA:323,8
DA:324,8
DA:325,8
DA:326,8
DA:328,10
DA:347,5
LF:47
LH:47
end_of_record
TN:
SF:lib/openzeppelin-contracts/contracts/token/ERC20/utils/SafeERC20.sol
FNF:0
FNH:0
DA:33,6
DA:34,6
DA:44,6
DA:48,3
DA:52,8
LF:5
LH:5
end_of_record
TN:
SF:lib/openzeppelin-contracts/contracts/token/ERC721/ERC721.sol
FNF:0
FNH:0
DA:135,1
DA:197,1
DA:198,1
DA:209,1
DA:210,1
DA:263,1
DA:264,1
DA:265,1
DA:270,1
DA:277,3
DA:280,2
DA:282,3
LF:12
LH:12
end_of_record
TN:
SF:lib/openzeppelin-contracts/contracts/utils/Address.sol
FNF:0
FNH:0
DA:127,6
DA:133,8
DA:134,8
DA:135,8
DA:194,6
DA:200,8
DA:201,8
DA:204,8
DA:206,8
LF:9
LH:9
end_of_record
TN:
SF:lib/solady/src/utils/FixedPointMathLib.sol
FNF:0
FNH:0
DA:56,4
DA:60,6
DA:66,6
DA:71,13
DA:75,14
DA:81,14
DA:86,3
DA:90,3
DA:96,3
DA:101,13
DA:105,14
DA:111,14
DA:765,3
DA:767,3
LF:14
LH:14
end_of_record
TN:
SF:lib/solady/src/utils/SafeTransferLib.sol
FNF:0
FNH:0
DA:244,2
DA:247,2
DA:248,2
DA:250,2
DA:252,2
DA:266,2
DA:386,2
DA:389,2
DA:391,2
DA:392,2
LF:10
LH:10
end_of_record
TN:
SF:lib/solidity-examples/contracts/lzApp/LzApp.sol
FNF:0
FNH:0
DA:34,8
LF:1
LH:1
end_of_record
TN:
SF:lib/solidity-examples/contracts/token/oft/v1/OFT.sol
FNF:0
FNH:0
DA:17,33
DA:18,103
LF:2
LH:2
end_of_record
TN:
SF:src/token/RedemptionNFT.sol
FNF:0
FNH:0
DA:12,1
DA:13,1
DA:27,1
DA:31,3
DA:33,2
DA:39,2
DA:41,1
DA:59,1
DA:108,1
DA:110,1
DA:112,1
DA:115,1
DA:116,1
DA:117,1
DA:120,1
DA:123,1
LF:16
LH:16
end_of_record
TN:
SF:src/token/StUSD.sol
FNF:0
FNH:0
DA:128,5
DA:129,3
DA:130,3
DA:131,3
DA:133,3
DA:135,3
DA:136,3
DA:139,3
DA:143,22
DA:144,2
DA:145,2
DA:147,2
DA:148,2
DA:149,2
DA:150,2
DA:155,2
DA:159,1
DA:160,1
DA:164,1
DA:201,7
DA:202,2
DA:204,2
DA:206,11
DA:208,4
DA:210,2
DA:215,2
DA:218,4
DA:219,4
DA:221,2
DA:223,2
DA:224,2
DA:237,8
DA:238,1
DA:239,1
DA:240,1
DA:242,1
DA:243,2
DA:244,1
DA:248,1
DA:255,1
DA:256,1
DA:257,9
DA:258,1
DA:261,1
DA:262,1
DA:272,1
DA:273,1
DA:297,2
DA:307,1
DA:308,1
DA:312,1
DA:313,1
DA:317,1
DA:318,1
DA:326,5
DA:328,10
DA:330,5
DA:331,10
DA:333,5
DA:334,5
DA:336,5
DA:339,5
DA:341,5
DA:342,5
DA:344,5
DA:346,5
DA:347,10
DA:348,10
DA:351,5
DA:353,5
DA:360,1
DA:361,1
DA:363,1
DA:365,2
DA:367,2
DA:369,1
DA:372,1
DA:379,1
DA:381,1
DA:383,1
DA:384,1
DA:385,2
DA:386,2
DA:388,1
DA:389,1
DA:391,1
DA:394,1
DA:396,1
DA:398,1
DA:407,2
DA:408,4
DA:410,4
DA:412,2
DA:413,2
DA:415,2
DA:416,2
DA:418,2
DA:421,2
DA:422,2
DA:425,2
DA:435,1
DA:436,1
DA:438,1
DA:439,2
DA:440,3
DA:442,1
DA:444,1
DA:445,1
DA:447,1
DA:449,1
DA:451,1
DA:453,1
DA:456,1
DA:464,1
DA:468,1
DA:469,1
DA:471,1
DA:472,1
DA:473,1
DA:474,1
DA:486,1
DA:487,1
DA:516,6
DA:517,6
DA:526,1
DA:527,1
DA:533,3
DA:534,6
DA:535,6
DA:538,9
DA:539,3
DA:540,3
DA:545,3
LF:133
LH:133
end_of_record
TN:
SF:src/token/StUSDBase.sol
FNF:0
FNH:0
DA:44,2
DA:45,2
DA:54,29
DA:55,11
DA:70,13
DA:71,13
DA:180,1
DA:181,1
DA:185,2
DA:186,2
DA:190,9
DA:191,13
DA:192,13
DA:194,13
DA:195,10
DA:197,3
DA:201,19
DA:205,23
DA:206,14
DA:207,14
DA:210,50
DA:259,25
DA:260,32
DA:267,8
DA:268,9
DA:303,7
DA:307,7
DA:312,21
DA:313,28
DA:317,15
DA:318,15
DA:332,1
DA:333,2
DA:334,2
DA:336,2
DA:337,2
DA:339,2
DA:340,2
DA:351,7
DA:352,12
DA:354,24
DA:355,12
DA:357,24
LF:43
LH:43
end_of_record
TN:
SF:tests/mocks/MockBloomFactory.sol
FNF:0
FNH:0
DA:17,6
DA:18,6
LF:2
LH:2
end_of_record
TN:
SF:tests/mocks/MockBloomPool.sol
FNF:0
FNH:0
DA:56,4
DA:58,5
DA:59,2
DA:60,2
DA:61,2
DA:63,2
DA:64,2
DA:65,2
DA:70,8
DA:73,3
DA:76,3
DA:77,3
DA:80,5
DA:81,5
DA:84,1
DA:85,2
DA:88,22
DA:89,7
DA:92,9
DA:93,9
DA:108,3
DA:109,3
LF:22
LH:22
end_of_record
TN:
SF:tests/mocks/MockERC20.sol
FNF:0
FNH:0
DA:20,8
DA:21,8
DA:24,8
DA:25,8
LF:4
LH:4
end_of_record
TN:
SF:tests/mocks/MockRegistry.sol
FNF:0
FNH:0
DA:26,5
DA:29,5
DA:32,20
DA:33,6
DA:40,3
DA:46,3
DA:49,6
DA:50,6
DA:53,3
DA:56,3
DA:59,8
DA:60,8
LF:12
LH:12
end_of_record
TN:
SF:tests/mocks/MockRewardManager.sol
FNF:0
FNH:0
DA:8,3
DA:10,5
LF:2
LH:2
end_of_record
TN:
SF:tests/mocks/MockStakeupStaking.sol
FNF:0
FNH:0
DA:11,3
DA:33,6
DA:34,6
DA:37,9
DA:38,6
LF:5
LH:5
end_of_record
TN:
SF:tests/mocks/MockSwapFacility.sol
FNF:0
FNH:0
DA:45,3
DA:46,3
LF:2
LH:2
end_of_record
