TN:
SF:lib/openzeppelin-contracts/contracts/access/Ownable.sol
FNF:0
FNH:0
DA:42,1
DA:43,1
DA:77,6
DA:78,36
DA:79,12
DA:80,36
LF:6
LH:6
end_of_record
TN:
SF:lib/openzeppelin-contracts/contracts/security/ReentrancyGuard.sol
FNF:0
FNH:0
DA:49,23
DA:50,9
DA:52,60
DA:55,9
DA:57,9
DA:60,9
DA:63,9
DA:66,9
LF:8
LH:8
end_of_record
TN:
SF:lib/openzeppelin-contracts/contracts/token/ERC20/ERC20.sol
FNF:0
FNH:0
DA:61,22
DA:93,8
DA:100,6
DA:101,12
DA:112,2
DA:114,2
DA:121,6
DA:122,11
DA:135,19
DA:137,10
DA:138,10
DA:157,6
DA:159,8
DA:160,8
DA:161,8
DA:221,8
DA:222,10
DA:223,10
DA:227,10
DA:228,10
DA:230,10
DA:233,20
DA:236,20
DA:238,10
DA:250,8
DA:251,8
DA:255,8
DA:258,8
DA:260,8
DA:276,5
DA:277,2
DA:281,2
DA:282,2
DA:284,4
DA:286,2
DA:289,4
DA:307,13
DA:308,16
DA:309,16
DA:311,16
DA:312,18
DA:323,8
DA:324,8
DA:325,8
DA:326,8
DA:328,10
DA:347,5
LF:47
LH:47
end_of_record
TN:
SF:lib/openzeppelin-contracts/contracts/token/ERC20/utils/SafeERC20.sol
FNF:0
FNH:0
DA:33,6
DA:34,6
DA:44,6
DA:48,3
DA:52,8
LF:5
LH:5
end_of_record
TN:
SF:lib/openzeppelin-contracts/contracts/token/ERC721/ERC721.sol
FNF:0
FNH:0
DA:135,1
DA:197,1
DA:198,1
DA:209,1
DA:210,1
DA:263,1
DA:264,1
DA:265,1
DA:270,1
DA:277,3
DA:280,2
DA:282,3
LF:12
LH:12
end_of_record
TN:
SF:lib/openzeppelin-contracts/contracts/utils/Address.sol
FNF:0
FNH:0
DA:127,6
DA:133,8
DA:134,8
DA:135,8
DA:194,6
DA:200,8
DA:201,8
DA:204,8
DA:206,8
LF:9
LH:9
end_of_record
TN:
SF:lib/solady/src/utils/FixedPointMathLib.sol
FNF:0
FNH:0
DA:56,4
DA:60,6
DA:66,6
DA:71,13
DA:75,14
DA:81,14
DA:86,3
DA:90,3
DA:96,3
DA:101,13
DA:105,14
DA:111,14
DA:765,3
DA:767,3
LF:14
LH:14
end_of_record
TN:
SF:lib/solady/src/utils/SafeTransferLib.sol
FNF:0
FNH:0
DA:244,2
DA:247,2
DA:248,2
DA:250,2
DA:252,2
DA:266,2
DA:386,2
DA:389,2
DA:391,2
DA:392,2
LF:10
LH:10
end_of_record
TN:
SF:lib/solidity-examples/contracts/lzApp/LzApp.sol
FNF:0
FNH:0
DA:34,8
LF:1
LH:1
end_of_record
TN:
SF:lib/solidity-examples/contracts/token/oft/v1/OFT.sol
FNF:0
FNH:0
DA:17,33
DA:18,103
LF:2
LH:2
end_of_record
TN:
SF:src/rewards/CurveGaugeDistributor.sol
FN:34,CurveGaugeDistributor.seedGauges
FN:67,CurveGaugeDistributor.getCurvePoolData
FN:71,CurveGaugeDistributor._setCurvePools
FN:82,CurveGaugeDistributor._deployCurveGauges
FNDA:0,CurveGaugeDistributor.seedGauges
FNDA:0,CurveGaugeDistributor.getCurvePoolData
FNDA:0,CurveGaugeDistributor._setCurvePools
FNDA:0,CurveGaugeDistributor._deployCurveGauges
FNF:4
FNH:0
BRDA:39,0,0,-
BRDA:39,0,1,-
BRDA:52,1,0,-
BRDA:52,1,1,-
BRDA:75,2,0,-
BRDA:75,2,1,-
BRDA:76,3,0,-
BRDA:76,3,1,-
BRDA:97,4,0,-
BRDA:97,4,1,-
BRF:10
BRH:0
DA:35,0
DA:36,0
DA:38,0
DA:39,0
DA:41,0
DA:43,0
DA:45,0
DA:52,0
DA:53,0
DA:54,0
DA:57,0
DA:58,0
DA:59,0
DA:61,0
DA:68,0
DA:72,0
DA:74,0
DA:75,0
DA:76,0
DA:78,0
DA:83,0
DA:84,0
DA:85,0
DA:87,0
DA:89,0
DA:90,0
DA:91,0
DA:93,0
DA:95,0
DA:97,0
DA:99,0
DA:101,0
LF:32
LH:0
end_of_record
TN:
SF:src/rewards/RewardBase.sol
FN:38,RewardBase._calculateDripAmount
FNDA:0,RewardBase._calculateDripAmount
FNF:1
FNH:0
BRDA:47,0,0,-
BRDA:47,0,1,-
BRDA:55,1,0,-
BRDA:55,1,1,-
BRF:4
BRH:0
DA:44,0
DA:47,0
DA:48,0
DA:51,0
DA:52,0
DA:55,0
DA:56,0
DA:60,0
DA:61,0
DA:63,0
LF:10
LH:0
end_of_record
TN:
SF:src/rewards/RewardManager.sol
FN:103,RewardManager.getStakeupStaking
FN:42,RewardManager.initialize
FN:49,RewardManager.distributePokeRewards
FN:70,RewardManager.distributeMintRewards
FN:83,RewardManager._executeDelegateStake
FN:93,RewardManager.getStUsd
FN:98,RewardManager.getStakeupToken
FNDA:0,RewardManager.getStakeupStaking
FNDA:0,RewardManager.initialize
FNDA:0,RewardManager.distributePokeRewards
FNDA:0,RewardManager.distributeMintRewards
FNDA:0,RewardManager._executeDelegateStake
FNDA:0,RewardManager.getStUsd
FNDA:0,RewardManager.getStakeupToken
FNF:7
FNH:0
BRDA:52,0,0,-
BRDA:52,0,1,-
BRDA:60,1,0,-
BRDA:60,1,1,-
BRDA:74,2,0,-
BRDA:74,2,1,-
BRF:6
BRH:0
DA:43,0
DA:44,0
DA:45,0
DA:52,0
DA:53,0
DA:60,0
DA:61,0
DA:62,0
DA:64,0
DA:74,0
DA:76,0
DA:79,0
DA:88,0
DA:89,0
DA:94,0
DA:99,0
DA:104,0
LF:17
LH:0
end_of_record
TN:
SF:src/staking/StakeupStaking.sol
FN:110,StakeupStaking.stake
FN:115,StakeupStaking.delegateStake
FN:120,StakeupStaking.unstake
FN:144,StakeupStaking.harvest
FN:162,StakeupStaking.processFees
FN:184,StakeupStaking.claimableRewards
FN:191,StakeupStaking.getStakupToken
FN:196,StakeupStaking.getSupVestingContract
FN:201,StakeupStaking.getStUSD
FN:206,StakeupStaking.getRewardManager
FN:211,StakeupStaking.totalStakeUpStaked
FN:216,StakeupStaking.getRewardData
FN:221,StakeupStaking.getUserStakingData
FN:225,StakeupStaking._stake
FN:246,StakeupStaking._harvest
FN:256,StakeupStaking._lastTimeRewardApplicable
FN:262,StakeupStaking._rewardPerToken
FN:284,StakeupStaking._rewardsEarned
FN:299,StakeupStaking._totalSupLockedInVesting
FNDA:0,StakeupStaking.stake
FNDA:0,StakeupStaking.delegateStake
FNDA:0,StakeupStaking.unstake
FNDA:0,StakeupStaking.harvest
FNDA:0,StakeupStaking.processFees
FNDA:0,StakeupStaking.claimableRewards
FNDA:0,StakeupStaking.getStakupToken
FNDA:0,StakeupStaking.getSupVestingContract
FNDA:0,StakeupStaking.getStUSD
FNDA:0,StakeupStaking.getRewardManager
FNDA:0,StakeupStaking.totalStakeUpStaked
FNDA:0,StakeupStaking.getRewardData
FNDA:0,StakeupStaking.getUserStakingData
FNDA:0,StakeupStaking._stake
FNDA:0,StakeupStaking._harvest
FNDA:0,StakeupStaking._lastTimeRewardApplicable
FNDA:0,StakeupStaking._rewardPerToken
FNDA:0,StakeupStaking._rewardsEarned
FNDA:0,StakeupStaking._totalSupLockedInVesting
FNF:19
FNH:0
BRDA:126,0,0,-
BRDA:126,0,1,-
BRDA:134,1,0,-
BRDA:134,1,1,-
BRDA:154,2,0,-
BRDA:154,2,1,-
BRDA:165,3,0,-
BRDA:165,3,1,-
BRDA:172,4,0,-
BRDA:172,4,1,-
BRDA:228,5,0,-
BRDA:228,5,1,-
BRDA:235,6,0,-
BRDA:235,6,1,-
BRDA:268,7,0,-
BRDA:268,7,1,-
BRF:16
BRH:0
DA:111,0
DA:116,0
DA:124,0
DA:126,0
DA:128,0
DA:129,0
DA:131,0
DA:132,0
DA:134,0
DA:135,0
DA:138,0
DA:140,0
DA:145,0
DA:152,0
DA:154,0
DA:156,0
DA:158,0
DA:165,0
DA:167,0
DA:169,0
DA:172,0
DA:173,0
DA:174,0
DA:175,0
DA:176,0
DA:180,0
DA:187,0
DA:192,0
DA:197,0
DA:202,0
DA:207,0
DA:212,0
DA:217,0
DA:222,0
DA:226,0
DA:228,0
DA:230,0
DA:231,0
DA:235,0
DA:236,0
DA:243,0
DA:250,0
DA:251,0
DA:252,0
DA:253,0
DA:259,0
DA:263,0
DA:265,0
DA:266,0
DA:268,0
DA:269,0
DA:271,0
DA:275,0
DA:276,0
DA:277,0
DA:285,0
DA:286,0
DA:290,0
DA:291,0
DA:296,0
DA:300,0
DA:301,0
LF:62
LH:0
end_of_record
TN:
SF:src/token/RedemptionNFT.sol
FN:109,RedemptionNFT._generateNextTokenId
FN:128,RedemptionNFT._transfer
FN:139,RedemptionNFT._receiveRequestData
FN:146,RedemptionNFT._send
FN:181,RedemptionNFT._nonblockingLzReceive
FN:214,RedemptionNFT._creditTill2
FN:251,RedemptionNFT._burnFrom
FN:268,RedemptionNFT._mintTo
FN:28,RedemptionNFT.addWithdrawalRequest
FN:46,RedemptionNFT.claimWithdrawal
FN:60,RedemptionNFT.clearCredits
FN:91,RedemptionNFT.getWithdrawalRequest
FN:98,RedemptionNFT.getStUSD
FNDA:0,RedemptionNFT._generateNextTokenId
FNDA:0,RedemptionNFT._transfer
FNDA:0,RedemptionNFT._receiveRequestData
FNDA:0,RedemptionNFT._send
FNDA:0,RedemptionNFT._nonblockingLzReceive
FNDA:0,RedemptionNFT._creditTill2
FNDA:0,RedemptionNFT._burnFrom
FNDA:0,RedemptionNFT._mintTo
FNDA:0,RedemptionNFT.addWithdrawalRequest
FNDA:0,RedemptionNFT.claimWithdrawal
FNDA:0,RedemptionNFT.clearCredits
FNDA:0,RedemptionNFT.getWithdrawalRequest
FNDA:0,RedemptionNFT.getStUSD
FNF:13
FNH:0
BRDA:49,0,0,-
BRDA:49,0,1,-
BRDA:50,1,0,-
BRDA:50,1,1,-
BRDA:62,2,0,-
BRDA:62,2,1,-
BRDA:73,3,0,-
BRDA:73,3,1,-
BRDA:75,4,0,-
BRDA:75,4,1,-
BRDA:131,5,0,-
BRDA:131,5,1,-
BRDA:132,6,0,-
BRDA:132,6,1,-
BRDA:157,7,0,-
BRDA:157,7,1,-
BRDA:158,8,0,-
BRDA:158,8,1,-
BRDA:197,9,0,-
BRDA:197,9,1,-
BRDA:225,10,0,-
BRDA:225,10,1,-
BRDA:255,11,0,-
BRDA:255,11,1,-
BRDA:256,12,0,-
BRDA:256,12,1,-
BRDA:272,13,0,-
BRDA:272,13,1,-
BRF:28
BRH:0
DA:12,1
DA:13,1
DA:27,1
DA:31,3
DA:32,0
DA:33,2
DA:34,0
DA:39,2
DA:40,0
DA:41,1
DA:42,0
DA:47,0
DA:49,0
DA:50,0
DA:52,0
DA:54,0
DA:59,1
DA:61,0
DA:62,0
DA:64,0
DA:65,0
DA:67,0
DA:73,0
DA:75,0
DA:77,0
DA:78,0
DA:81,0
DA:94,0
DA:99,0
DA:108,1
DA:110,1
DA:112,1
DA:115,1
DA:116,1
DA:117,1
DA:120,1
DA:123,1
DA:124,0
DA:129,0
DA:131,0
DA:132,0
DA:134,0
DA:136,0
DA:140,0
DA:141,0
DA:142,0
DA:156,0
DA:157,0
DA:158,0
DA:160,0
DA:162,0
DA:164,0
DA:166,0
DA:168,0
DA:171,0
DA:174,0
DA:176,0
DA:177,0
DA:178,0
DA:188,0
DA:189,0
DA:191,0
DA:193,0
DA:196,0
DA:197,0
DA:199,0
DA:200,0
DA:201,0
DA:204,0
DA:220,0
DA:221,0
DA:223,0
DA:225,0
DA:228,0
DA:235,0
DA:236,0
DA:241,0
DA:255,0
DA:256,0
DA:258,0
DA:272,0
DA:274,0
LF:82
LH:16
end_of_record
TN:
SF:src/token/SUPVesting.sol
FN:38,SUPVesting.getAvailableTokens
FN:52,SUPVesting.vestTokens
FN:70,SUPVesting.claimAvailableTokens
FN:86,SUPVesting.getCurrentBalance
FN:93,SUPVesting.getSUPToken
FN:97,SUPVesting._validateTimeElapsed
FNDA:0,SUPVesting.getAvailableTokens
FNDA:0,SUPVesting.vestTokens
FNDA:0,SUPVesting.claimAvailableTokens
FNDA:0,SUPVesting.getCurrentBalance
FNDA:0,SUPVesting.getSUPToken
FNDA:0,SUPVesting._validateTimeElapsed
FNF:6
FNH:0
BRDA:43,0,0,-
BRDA:43,0,1,-
BRDA:57,1,0,-
BRDA:57,1,1,-
BRDA:76,2,0,-
BRDA:76,2,1,-
BRF:6
BRH:0
DA:39,0
DA:40,0
DA:41,0
DA:43,0
DA:44,0
DA:46,0
DA:47,0
DA:53,0
DA:57,0
DA:58,0
DA:59,0
DA:60,0
DA:62,0
DA:64,0
DA:71,0
DA:72,0
DA:74,0
DA:76,0
DA:77,0
DA:80,0
DA:82,0
DA:89,0
DA:94,0
DA:98,0
LF:24
LH:0
end_of_record
TN:
SF:src/token/StUSD.sol
FN:129,StUSD.depositTby
FN:144,StUSD.depositUnderlying
FN:160,StUSD.redeemStUSD
FN:165,StUSD.redeemWstUSD
FN:173,StUSD.getRemainingBalance
FN:178,StUSD.withdraw
FN:202,StUSD.redeemUnderlying
FN:238,StUSD.poke
FN:268,StUSD.setNftTrustedRemote
FN:273,StUSD.getWstUSD
FN:278,StUSD.getUnderlyingToken
FN:283,StUSD.getBloomFactory
FN:288,StUSD.getExchangeRateRegistry
FN:293,StUSD.getStakeupStaking
FN:298,StUSD.getRewardManager
FN:303,StUSD.getRedemptionNFT
FN:308,StUSD.getMintBps
FN:313,StUSD.getRedeemBps
FN:318,StUSD.getPerformanceBps
FN:327,StUSD._deposit
FN:361,StUSD._redeemStUSD
FN:373,StUSD._redeem
FN:408,StUSD._processProceeds
FN:436,StUSD._autoMintTBY
FN:465,StUSD._within24HoursOfCommitPhaseEnd
FN:487,StUSD._isElegibleForAdjustment
FN:499,StUSD._adjustRemainingBalance
FN:517,StUSD._getLatestPool
FN:527,StUSD._mintRedemptionNFT
FN:534,StUSD._getCurrentTbyValue
FNDA:0,StUSD.depositTby
FNDA:0,StUSD.depositUnderlying
FNDA:0,StUSD.redeemStUSD
FNDA:0,StUSD.redeemWstUSD
FNDA:0,StUSD.getRemainingBalance
FNDA:0,StUSD.withdraw
FNDA:0,StUSD.redeemUnderlying
FNDA:0,StUSD.poke
FNDA:0,StUSD.setNftTrustedRemote
FNDA:0,StUSD.getWstUSD
FNDA:0,StUSD.getUnderlyingToken
FNDA:0,StUSD.getBloomFactory
FNDA:0,StUSD.getExchangeRateRegistry
FNDA:0,StUSD.getStakeupStaking
FNDA:0,StUSD.getRewardManager
FNDA:0,StUSD.getRedemptionNFT
FNDA:0,StUSD.getMintBps
FNDA:0,StUSD.getRedeemBps
FNDA:0,StUSD.getPerformanceBps
FNDA:0,StUSD._deposit
FNDA:0,StUSD._redeemStUSD
FNDA:0,StUSD._redeem
FNDA:0,StUSD._processProceeds
FNDA:0,StUSD._autoMintTBY
FNDA:0,StUSD._within24HoursOfCommitPhaseEnd
FNDA:0,StUSD._isElegibleForAdjustment
FNDA:0,StUSD._adjustRemainingBalance
FNDA:0,StUSD._getLatestPool
FNDA:0,StUSD._mintRedemptionNFT
FNDA:0,StUSD._getCurrentTbyValue
FNF:30
FNH:0
BRDA:130,0,0,-
BRDA:130,0,1,-
BRDA:132,1,0,-
BRDA:132,1,1,-
BRDA:136,2,0,-
BRDA:136,2,1,-
BRDA:148,3,0,-
BRDA:148,3,1,-
BRDA:183,4,0,-
BRDA:183,4,1,-
BRDA:186,5,0,-
BRDA:186,5,1,-
BRDA:203,6,0,-
BRDA:203,6,1,-
BRDA:211,7,0,-
BRDA:211,7,1,-
BRDA:224,8,0,-
BRDA:224,8,1,-
BRDA:243,9,0,-
BRDA:243,9,1,-
BRDA:244,10,0,-
BRDA:244,10,1,-
BRDA:249,11,0,-
BRDA:249,11,1,-
BRDA:250,12,0,-
BRDA:250,12,1,-
BRDA:256,13,0,-
BRDA:256,13,1,-
BRDA:262,14,0,-
BRDA:262,14,1,-
BRDA:334,15,0,-
BRDA:334,15,1,-
BRDA:347,16,0,-
BRDA:347,16,1,-
BRDA:362,17,0,-
BRDA:362,17,1,-
BRDA:380,18,0,-
BRDA:380,18,1,-
BRDA:384,19,0,-
BRDA:384,19,1,-
BRDA:413,20,0,-
BRDA:413,20,1,-
BRDA:422,21,0,-
BRDA:422,21,1,-
BRDA:439,22,0,-
BRDA:439,22,1,-
BRDA:472,23,0,-
BRDA:472,23,1,-
BRDA:474,24,0,-
BRDA:474,24,1,-
BRDA:503,25,0,-
BRDA:503,25,1,-
BRF:52
BRH:0
DA:128,5
DA:129,3
DA:130,3
DA:131,3
DA:132,0
DA:133,3
DA:134,0
DA:135,3
DA:136,3
DA:137,0
DA:139,3
DA:140,0
DA:143,22
DA:144,2
DA:145,2
DA:146,0
DA:147,2
DA:148,2
DA:149,2
DA:150,2
DA:151,0
DA:153,0
DA:155,2
DA:156,0
DA:159,1
DA:160,1
DA:161,0
DA:164,1
DA:166,0
DA:167,0
DA:168,0
DA:169,0
DA:174,0
DA:179,0
DA:181,0
DA:183,0
DA:184,0
DA:186,0
DA:188,0
DA:190,0
DA:191,0
DA:195,0
DA:201,7
DA:202,2
DA:203,0
DA:204,2
DA:205,0
DA:206,11
DA:207,0
DA:208,4
DA:209,0
DA:210,2
DA:211,0
DA:212,0
DA:213,0
DA:214,0
DA:215,2
DA:216,0
DA:218,4
DA:219,4
DA:220,0
DA:221,2
DA:222,0
DA:223,2
DA:224,2
DA:225,0
DA:237,8
DA:238,1
DA:239,1
DA:240,1
DA:241,0
DA:242,1
DA:243,2
DA:244,1
DA:245,0
DA:248,1
DA:249,0
DA:250,0
DA:251,0
DA:255,1
DA:256,1
DA:257,9
DA:258,1
DA:259,0
DA:261,1
DA:262,1
DA:263,0
DA:269,0
DA:272,1
DA:273,1
DA:274,0
DA:279,0
DA:284,0
DA:289,0
DA:294,0
DA:297,2
DA:299,0
DA:304,0
DA:307,1
DA:308,1
DA:309,0
DA:312,1
DA:313,1
DA:314,0
DA:317,1
DA:318,1
DA:319,0
DA:326,5
DA:328,10
DA:329,0
DA:330,5
DA:331,10
DA:332,0
DA:333,5
DA:334,5
DA:335,0
DA:336,5
DA:337,0
DA:339,5
DA:340,0
DA:341,5
DA:342,5
DA:343,0
DA:344,5
DA:345,0
DA:346,5
DA:347,10
DA:348,10
DA:349,0
DA:351,5
DA:352,0
DA:353,5
DA:354,0
DA:360,1
DA:361,1
DA:362,0
DA:363,1
DA:364,0
DA:365,2
DA:366,0
DA:367,2
DA:368,0
DA:369,1
DA:370,0
DA:372,1
DA:379,1
DA:380,0
DA:381,1
DA:382,0
DA:383,1
DA:384,1
DA:385,2
DA:386,2
DA:387,0
DA:388,1
DA:389,1
DA:390,0
DA:391,1
DA:392,0
DA:394,1
DA:395,0
DA:396,1
DA:397,0
DA:398,1
DA:399,0
DA:407,2
DA:408,4
DA:409,0
DA:410,4
DA:411,0
DA:412,2
DA:413,2
DA:414,0
DA:415,2
DA:416,2
DA:417,0
DA:418,2
DA:419,0
DA:421,2
DA:422,2
DA:423,0
DA:425,2
DA:426,0
DA:435,1
DA:436,1
DA:437,0
DA:438,1
DA:439,2
DA:440,3
DA:441,0
DA:442,1
DA:443,0
DA:444,1
DA:445,1
DA:446,0
DA:447,1
DA:448,0
DA:449,1
DA:450,0
DA:451,1
DA:452,0
DA:453,1
DA:454,0
DA:456,1
DA:457,0
DA:464,1
DA:468,1
DA:469,1
DA:470,0
DA:471,1
DA:472,1
DA:473,1
DA:474,1
DA:475,0
DA:479,0
DA:486,1
DA:487,1
DA:488,0
DA:489,0
DA:490,0
DA:500,0
DA:501,0
DA:503,0
DA:504,0
DA:505,0
DA:506,0
DA:508,0
DA:510,0
DA:516,6
DA:517,6
DA:518,0
DA:526,1
DA:527,1
DA:528,0
DA:533,3
DA:534,6
DA:535,6
DA:536,0
DA:538,9
DA:539,3
DA:540,3
DA:541,0
DA:545,3
DA:546,0
LF:244
LH:133
end_of_record
TN:
SF:src/token/StUSDBase.sol
FN:110,StUSDBase.approve
FN:129,StUSDBase.transferFrom
FN:150,StUSDBase.increaseAllowance
FN:170,StUSDBase.decreaseAllowance
FN:181,StUSDBase.getTotalShares
FN:186,StUSDBase.sharesOf
FN:191,StUSDBase.getSharesByUsd
FN:206,StUSDBase.getUsdByShares
FN:225,StUSDBase.transferShares
FN:244,StUSDBase.transferSharesFrom
FN:260,StUSDBase._getTotalUsd
FN:268,StUSDBase._setTotalUsd
FN:277,StUSDBase._transfer
FN:290,StUSDBase._approve
FN:304,StUSDBase._spendAllowance
FN:313,StUSDBase._getTotalShares
FN:318,StUSDBase._sharesOf
FN:333,StUSDBase._transferShares
FN:352,StUSDBase._mintShares
FN:377,StUSDBase._burnShares
FN:404,StUSDBase._emitTransferEvents
FN:409,StUSDBase._debitFrom
FN:422,StUSDBase._creditTo
FN:45,StUSDBase.circulatingSupply
FN:55,StUSDBase.totalSupply
FN:60,StUSDBase.getTotalUsd
FN:71,StUSDBase.balanceOf
FN:86,StUSDBase.transfer
FN:98,StUSDBase.allowance
FNDA:0,StUSDBase.approve
FNDA:0,StUSDBase.transferFrom
FNDA:0,StUSDBase.increaseAllowance
FNDA:0,StUSDBase.decreaseAllowance
FNDA:0,StUSDBase.getTotalShares
FNDA:0,StUSDBase.sharesOf
FNDA:0,StUSDBase.getSharesByUsd
FNDA:0,StUSDBase.getUsdByShares
FNDA:0,StUSDBase.transferShares
FNDA:0,StUSDBase.transferSharesFrom
FNDA:0,StUSDBase._getTotalUsd
FNDA:0,StUSDBase._setTotalUsd
FNDA:0,StUSDBase._transfer
FNDA:0,StUSDBase._approve
FNDA:0,StUSDBase._spendAllowance
FNDA:0,StUSDBase._getTotalShares
FNDA:0,StUSDBase._sharesOf
FNDA:0,StUSDBase._transferShares
FNDA:0,StUSDBase._mintShares
FNDA:0,StUSDBase._burnShares
FNDA:0,StUSDBase._emitTransferEvents
FNDA:0,StUSDBase._debitFrom
FNDA:0,StUSDBase._creditTo
FNDA:0,StUSDBase.circulatingSupply
FNDA:0,StUSDBase.totalSupply
FNDA:0,StUSDBase.getTotalUsd
FNDA:0,StUSDBase.balanceOf
FNDA:0,StUSDBase.transfer
FNDA:0,StUSDBase.allowance
FNF:29
FNH:0
BRDA:175,0,0,-
BRDA:175,0,1,-
BRDA:195,1,0,-
BRDA:195,1,1,-
BRDA:198,2,0,-
BRDA:198,2,1,-
BRDA:208,3,0,-
BRDA:208,3,1,-
BRDA:291,4,0,-
BRDA:291,4,1,-
BRDA:292,5,0,-
BRDA:292,5,1,-
BRDA:306,6,0,-
BRDA:306,6,1,-
BRDA:307,7,0,-
BRDA:307,7,1,-
BRDA:334,8,0,-
BRDA:334,8,1,-
BRDA:335,9,0,-
BRDA:335,9,1,-
BRDA:338,10,0,-
BRDA:338,10,1,-
BRDA:353,11,0,-
BRDA:353,11,1,-
BRDA:378,12,0,-
BRDA:378,12,1,-
BRDA:381,13,0,-
BRDA:381,13,1,-
BRDA:416,14,0,-
BRDA:416,14,1,-
BRF:30
BRH:0
DA:44,2
DA:45,2
DA:46,0
DA:54,29
DA:55,11
DA:56,0
DA:61,0
DA:70,13
DA:71,13
DA:72,0
DA:87,0
DA:88,0
DA:99,0
DA:111,0
DA:112,0
DA:134,0
DA:135,0
DA:136,0
DA:154,0
DA:155,0
DA:174,0
DA:175,0
DA:176,0
DA:177,0
DA:180,1
DA:181,1
DA:182,0
DA:185,2
DA:186,2
DA:187,0
DA:190,9
DA:191,13
DA:192,13
DA:193,0
DA:194,13
DA:195,10
DA:196,0
DA:197,3
DA:198,0
DA:199,0
DA:201,19
DA:202,0
DA:205,23
DA:206,14
DA:207,14
DA:208,0
DA:209,0
DA:210,50
DA:211,0
DA:226,0
DA:227,0
DA:228,0
DA:229,0
DA:248,0
DA:249,0
DA:250,0
DA:251,0
DA:252,0
DA:259,25
DA:260,32
DA:261,0
DA:267,8
DA:268,9
DA:269,0
DA:278,0
DA:279,0
DA:280,0
DA:291,0
DA:292,0
DA:294,0
DA:295,0
DA:303,7
DA:305,0
DA:306,0
DA:307,7
DA:308,0
DA:312,21
DA:313,28
DA:314,0
DA:317,15
DA:318,15
DA:319,0
DA:332,1
DA:333,2
DA:334,2
DA:335,0
DA:336,2
DA:337,2
DA:338,0
DA:339,2
DA:340,2
DA:341,0
DA:351,7
DA:352,12
DA:353,0
DA:354,24
DA:355,12
DA:356,0
DA:357,24
DA:358,0
DA:378,0
DA:380,0
DA:381,0
DA:383,0
DA:385,0
DA:386,0
DA:388,0
DA:390,0
DA:392,0
DA:405,0
DA:406,0
DA:415,0
DA:416,0
DA:417,0
DA:418,0
DA:419,0
DA:427,0
DA:428,0
LF:118
LH:43
end_of_record
TN:
SF:src/token/StakeupToken.sol
FN:123,StakeupToken.transferOwnership
FN:129,StakeupToken._transferOwnership
FN:135,StakeupToken._mint
FN:40,StakeupToken.mintLpSupply
FN:48,StakeupToken.airdropTokens
FN:71,StakeupToken.mintRewards
FN:76,StakeupToken.mintInitialSupply
FN:95,StakeupToken._mintAndVest
FNDA:0,StakeupToken.transferOwnership
FNDA:0,StakeupToken._transferOwnership
FNDA:0,StakeupToken._mint
FNDA:0,StakeupToken.mintLpSupply
FNDA:0,StakeupToken.airdropTokens
FNDA:0,StakeupToken.mintRewards
FNDA:0,StakeupToken.mintInitialSupply
FNDA:0,StakeupToken._mintAndVest
FNF:8
FNH:0
BRDA:62,0,0,-
BRDA:62,0,1,-
BRDA:67,1,0,-
BRDA:67,1,1,-
BRDA:84,2,0,-
BRDA:84,2,1,-
BRDA:90,3,0,-
BRDA:90,3,1,-
BRDA:92,4,0,-
BRDA:92,4,1,-
BRDA:110,5,0,-
BRDA:110,5,1,-
BRDA:111,6,0,-
BRDA:111,6,1,-
BRDA:120,7,0,-
BRDA:120,7,1,-
BRDA:136,8,0,-
BRDA:136,8,1,-
BRF:18
BRH:0
DA:41,0
DA:42,0
DA:43,0
DA:52,0
DA:53,0
DA:55,0
DA:57,0
DA:58,0
DA:59,0
DA:62,0
DA:64,0
DA:65,0
DA:67,0
DA:72,0
DA:80,0
DA:81,0
DA:83,0
DA:84,0
DA:85,0
DA:87,0
DA:88,0
DA:90,0
DA:92,0
DA:99,0
DA:100,0
DA:102,0
DA:103,0
DA:105,0
DA:106,0
DA:107,0
DA:110,0
DA:111,0
DA:112,0
DA:115,0
DA:118,0
DA:120,0
DA:126,0
DA:132,0
DA:136,0
DA:137,0
LF:40
LH:0
end_of_record
TN:
SF:src/token/WstUSD.sol
FN:23,WstUSD.wrap
FN:36,WstUSD.unwrap
FN:45,WstUSD.getWstUSDByStUSD
FN:52,WstUSD.getStUSDByWstUSD
FN:59,WstUSD.stUsdPerToken
FN:64,WstUSD.tokensPerStUsd
FN:69,WstUSD.getStUSD
FNDA:0,WstUSD.wrap
FNDA:0,WstUSD.unwrap
FNDA:0,WstUSD.getWstUSDByStUSD
FNDA:0,WstUSD.getStUSDByWstUSD
FNDA:0,WstUSD.stUsdPerToken
FNDA:0,WstUSD.tokensPerStUsd
FNDA:0,WstUSD.getStUSD
FNF:7
FNH:0
BRDA:24,0,0,-
BRDA:24,0,1,-
BRDA:37,1,0,-
BRDA:37,1,1,-
BRF:4
BRH:0
DA:24,0
DA:25,0
DA:26,0
DA:27,0
DA:32,0
DA:37,0
DA:38,0
DA:39,0
DA:40,0
DA:41,0
DA:48,0
DA:55,0
DA:60,0
DA:65,0
DA:70,0
LF:15
LH:0
end_of_record
TN:
SF:tests/mocks/Curve/MockCurveFactory.sol
FN:9,MockCurveFactory.deploy_gauge
FNDA:0,MockCurveFactory.deploy_gauge
FNF:1
FNH:0
DA:10,0
DA:11,0
LF:2
LH:0
end_of_record
TN:
SF:tests/mocks/Curve/MockCurveGauge.sol
FN:11,MockCurveGauge.add_reward
FN:19,MockCurveGauge.deposit_reward_token
FNDA:0,MockCurveGauge.add_reward
FNDA:0,MockCurveGauge.deposit_reward_token
FNF:2
FNH:0
BRDA:23,0,0,-
BRDA:23,0,1,-
BRF:2
BRH:0
DA:15,0
DA:16,0
DA:23,0
DA:24,0
LF:4
LH:0
end_of_record
TN:
SF:tests/mocks/MockBloomFactory.sol
FN:18,MockBloomFactory.getLastCreatedPool
FN:22,MockBloomFactory.setLastCreatedPool
FNDA:0,MockBloomFactory.getLastCreatedPool
FNDA:0,MockBloomFactory.setLastCreatedPool
FNF:2
FNH:0
DA:17,6
DA:18,6
DA:19,0
DA:23,0
LF:4
LH:2
end_of_record
TN:
SF:tests/mocks/MockBloomPool.sol
FN:101,MockBloomPool.setEmergencyHandler
FN:105,MockBloomPool.emergencyBurn
FN:109,MockBloomPool.UNDERLYING_TOKEN
FN:45,MockBloomPool.initiatePreHoldSwap
FN:51,MockBloomPool.initiatePostHoldSwap
FN:57,MockBloomPool.completeSwap
FN:59,MockBloomPool.withdrawLender
FN:74,MockBloomPool.depositLender
FN:81,MockBloomPool.state
FN:85,MockBloomPool.COMMIT_PHASE_END
FN:89,MockBloomPool.setCommitPhaseEnd
FN:93,MockBloomPool.setState
FN:97,MockBloomPool.EMERGENCY_HANDLER
FNDA:0,MockBloomPool.setEmergencyHandler
FNDA:0,MockBloomPool.emergencyBurn
FNDA:0,MockBloomPool.UNDERLYING_TOKEN
FNDA:0,MockBloomPool.initiatePreHoldSwap
FNDA:0,MockBloomPool.initiatePostHoldSwap
FNDA:0,MockBloomPool.completeSwap
FNDA:0,MockBloomPool.withdrawLender
FNDA:0,MockBloomPool.depositLender
FNDA:0,MockBloomPool.state
FNDA:0,MockBloomPool.COMMIT_PHASE_END
FNDA:0,MockBloomPool.setCommitPhaseEnd
FNDA:0,MockBloomPool.setState
FNDA:0,MockBloomPool.EMERGENCY_HANDLER
FNF:13
FNH:0
BRDA:65,0,0,-
BRDA:65,0,1,-
BRF:2
BRH:0
DA:46,0
DA:47,0
DA:48,0
DA:52,0
DA:53,0
DA:54,0
DA:56,4
DA:58,5
DA:59,2
DA:60,2
DA:61,2
DA:62,0
DA:63,2
DA:64,2
DA:65,2
DA:66,0
DA:70,8
DA:71,0
DA:73,3
DA:76,3
DA:77,3
DA:78,0
DA:80,5
DA:81,5
DA:82,0
DA:84,1
DA:85,2
DA:86,0
DA:88,22
DA:89,7
DA:90,0
DA:92,9
DA:93,9
DA:94,0
DA:98,0
DA:102,0
DA:106,0
DA:108,3
DA:109,3
DA:110,0
LF:40
LH:22
end_of_record
TN:
SF:tests/mocks/MockERC20.sol
FN:21,MockERC20.decimals
FN:25,MockERC20.mint
FN:30,MockERC20.getUsdByShares
FN:35,MockERC20.mintRewards
FNDA:0,MockERC20.decimals
FNDA:0,MockERC20.mint
FNDA:0,MockERC20.getUsdByShares
FNDA:0,MockERC20.mintRewards
FNF:4
FNH:0
DA:20,8
DA:21,8
DA:22,0
DA:24,8
DA:25,8
DA:26,0
DA:31,0
DA:36,0
LF:8
LH:4
end_of_record
TN:
SF:tests/mocks/MockEmergencyHandler.sol
FN:22,MockEmergencyHandler.redeem
FN:29,MockEmergencyHandler.setNumTokensToRedeem
FNDA:0,MockEmergencyHandler.redeem
FNDA:0,MockEmergencyHandler.setNumTokensToRedeem
FNF:2
FNH:0
DA:23,0
DA:24,0
DA:25,0
DA:26,0
DA:30,0
LF:5
LH:0
end_of_record
TN:
SF:tests/mocks/MockRegistry.sol
FN:27,MockRegistry.tokenInfos
FN:33,MockRegistry.setTokenInfos
FN:41,MockRegistry.getActiveTokens
FN:50,MockRegistry.setActiveTokens
FN:54,MockRegistry.getExchangeRate
FN:60,MockRegistry.setExchangeRate
FNDA:0,MockRegistry.tokenInfos
FNDA:0,MockRegistry.setTokenInfos
FNDA:0,MockRegistry.getActiveTokens
FNDA:0,MockRegistry.setActiveTokens
FNDA:0,MockRegistry.getExchangeRate
FNDA:0,MockRegistry.setExchangeRate
FNF:6
FNH:0
DA:26,5
DA:29,5
DA:30,0
DA:32,20
DA:33,6
DA:34,0
DA:40,3
DA:46,3
DA:47,0
DA:49,6
DA:50,6
DA:51,0
DA:53,3
DA:56,3
DA:57,0
DA:59,8
DA:60,8
DA:61,0
LF:18
LH:12
end_of_record
TN:
SF:tests/mocks/MockRewardManager.sol
FNF:0
FNH:0
DA:8,3
DA:10,5
LF:2
LH:2
end_of_record
TN:
SF:tests/mocks/MockStakeupStaking.sol
FN:12,MockStakeupStaking.processFees
FN:14,MockStakeupStaking.stake
FN:16,MockStakeupStaking.unstake
FN:21,MockStakeupStaking.harvest
FN:25,MockStakeupStaking.claimableRewards
FN:29,MockStakeupStaking.delegateStake
FN:34,MockStakeupStaking.getRewardManager
FN:38,MockStakeupStaking.setRewardManager
FN:42,MockStakeupStaking.getStakupToken
FN:44,MockStakeupStaking.getSupVestingContract
FN:51,MockStakeupStaking.getStUSD
FN:53,MockStakeupStaking.totalStakeUpStaked
FN:55,MockStakeupStaking.getRewardData
FN:62,MockStakeupStaking.getUserStakingData
FNDA:0,MockStakeupStaking.processFees
FNDA:0,MockStakeupStaking.stake
FNDA:0,MockStakeupStaking.unstake
FNDA:0,MockStakeupStaking.harvest
FNDA:0,MockStakeupStaking.claimableRewards
FNDA:0,MockStakeupStaking.delegateStake
FNDA:0,MockStakeupStaking.getRewardManager
FNDA:0,MockStakeupStaking.setRewardManager
FNDA:0,MockStakeupStaking.getStakupToken
FNDA:0,MockStakeupStaking.getSupVestingContract
FNDA:0,MockStakeupStaking.getStUSD
FNDA:0,MockStakeupStaking.totalStakeUpStaked
FNDA:0,MockStakeupStaking.getRewardData
FNDA:0,MockStakeupStaking.getUserStakingData
FNF:14
FNH:0
DA:11,3
DA:33,6
DA:34,6
DA:35,0
DA:37,9
DA:38,6
DA:39,0
LF:7
LH:5
end_of_record
TN:
SF:tests/mocks/MockSwapFacility.sol
FN:46,MockSwapFacility.setRate
FN:50,MockSwapFacility.completeNextSwap
FN:62,MockSwapFacility.swap
FNDA:0,MockSwapFacility.setRate
FNDA:0,MockSwapFacility.completeNextSwap
FNDA:0,MockSwapFacility.swap
FNF:3
FNH:0
BRDA:52,0,0,-
BRDA:52,0,1,-
BRDA:68,1,0,-
BRDA:68,1,1,-
BRDA:80,2,0,-
BRDA:80,2,1,-
BRF:6
BRH:0
DA:45,3
DA:46,3
DA:47,0
DA:51,0
DA:52,0
DA:53,0
DA:54,0
DA:55,0
DA:56,0
DA:69,0
DA:72,0
DA:80,0
DA:84,0
DA:88,0
LF:14
LH:2
end_of_record
