TN:
SF:/home/haruxe/Projects/stUSD/src/token/RedemptionNFT.sol
FNF:0
FNH:0
DA:12,1
DA:13,1
DA:17,6
DA:23,6
DA:27,1
DA:31,3
DA:33,2
DA:39,2
DA:41,1
DA:59,1
DA:108,1
DA:110,1
DA:112,1
DA:115,1
DA:116,1
DA:117,1
DA:120,1
DA:123,1
LF:18
LH:18
end_of_record
TN:
SF:/home/haruxe/Projects/stUSD/src/token/StUSD.sol
FNF:0
FNH:0
DA:83,6
DA:96,6
DA:97,6
DA:98,6
DA:99,6
DA:100,6
DA:101,6
DA:103,12
DA:104,12
DA:105,6
DA:106,6
DA:107,12
DA:108,12
DA:110,6
DA:111,6
DA:112,6
DA:114,6
DA:115,6
DA:117,6
DA:119,6
DA:128,5
DA:129,3
DA:130,3
DA:131,3
DA:133,3
DA:135,3
DA:136,3
DA:139,3
DA:143,22
DA:144,2
DA:145,2
DA:147,2
DA:148,2
DA:149,2
DA:150,2
DA:155,2
DA:159,1
DA:160,1
DA:164,1
DA:201,7
DA:202,2
DA:204,2
DA:206,11
DA:208,4
DA:210,2
DA:215,2
DA:218,4
DA:219,4
DA:221,2
DA:223,2
DA:224,2
DA:237,8
DA:238,1
DA:239,1
DA:240,1
DA:242,1
DA:243,2
DA:244,1
DA:248,1
DA:255,1
DA:256,1
DA:257,9
DA:258,1
DA:261,1
DA:262,1
DA:272,1
DA:273,1
DA:297,2
DA:307,1
DA:308,1
DA:312,1
DA:313,1
DA:317,1
DA:318,1
DA:326,5
DA:328,10
DA:330,5
DA:331,10
DA:333,5
DA:334,5
DA:336,5
DA:339,5
DA:341,5
DA:342,5
DA:344,5
DA:346,5
DA:347,10
DA:348,10
DA:351,5
DA:353,5
DA:360,1
DA:361,1
DA:363,1
DA:365,2
DA:367,2
DA:369,1
DA:372,1
DA:379,1
DA:381,1
DA:383,1
DA:384,1
DA:385,2
DA:386,2
DA:388,1
DA:389,1
DA:391,1
DA:394,1
DA:396,1
DA:398,1
DA:407,2
DA:408,4
DA:410,4
DA:412,2
DA:413,2
DA:415,2
DA:416,2
DA:418,2
DA:421,2
DA:422,2
DA:425,2
DA:435,1
DA:436,1
DA:438,1
DA:439,2
DA:440,3
DA:442,1
DA:444,1
DA:445,1
DA:447,1
DA:449,1
DA:451,1
DA:453,1
DA:456,1
DA:464,1
DA:468,1
DA:469,1
DA:471,1
DA:472,1
DA:473,1
DA:474,1
DA:486,1
DA:487,1
DA:516,6
DA:517,6
DA:526,1
DA:527,1
DA:533,3
DA:534,6
DA:535,6
DA:538,9
DA:539,3
DA:540,3
DA:545,3
LF:153
LH:153
end_of_record
TN:
SF:/home/haruxe/Projects/stUSD/src/token/StUSDBase.sol
FNF:0
FNH:0
DA:38,6
DA:44,2
DA:45,2
DA:54,29
DA:55,11
DA:70,13
DA:71,13
DA:180,1
DA:181,1
DA:185,2
DA:186,2
DA:190,9
DA:191,13
DA:192,13
DA:194,13
DA:195,10
DA:197,3
DA:201,19
DA:205,23
DA:206,14
DA:207,14
DA:210,50
DA:259,25
DA:260,32
DA:267,8
DA:268,9
DA:303,7
DA:307,7
DA:312,21
DA:313,28
DA:317,15
DA:318,15
DA:332,1
DA:333,2
DA:334,2
DA:336,2
DA:337,2
DA:339,2
DA:340,2
DA:351,7
DA:352,12
DA:354,24
DA:355,12
DA:357,24
LF:44
LH:44
end_of_record
TN:
SF:/home/haruxe/Projects/stUSD/src/token/WstUSD.sol
FNF:0
FNH:0
DA:17,6
DA:18,6
LF:2
LH:2
end_of_record
TN:
SF:src/rewards/CurveGaugeDistributor.sol
FN:34,CurveGaugeDistributor.seedGauges
FN:67,CurveGaugeDistributor.getCurvePoolData
FN:71,CurveGaugeDistributor._setCurvePools
FN:82,CurveGaugeDistributor._deployCurveGauges
FNDA:0,CurveGaugeDistributor.seedGauges
FNDA:0,CurveGaugeDistributor.getCurvePoolData
FNDA:0,CurveGaugeDistributor._setCurvePools
FNDA:0,CurveGaugeDistributor._deployCurveGauges
FNF:4
FNH:0
DA:35,0
DA:36,0
DA:38,0
DA:39,0
DA:41,0
DA:43,0
DA:45,0
DA:52,0
DA:53,0
DA:54,0
DA:57,0
DA:58,0
DA:59,0
DA:61,0
DA:68,0
DA:72,0
DA:74,0
DA:75,0
DA:76,0
DA:78,0
DA:83,0
DA:84,0
DA:85,0
DA:87,0
DA:89,0
DA:90,0
DA:91,0
DA:93,0
DA:95,0
DA:97,0
DA:99,0
DA:101,0
LF:32
LH:0
end_of_record
TN:
SF:src/rewards/RewardBase.sol
FN:38,RewardBase._calculateDripAmount
FNDA:0,RewardBase._calculateDripAmount
FNF:1
FNH:0
DA:44,0
DA:47,0
DA:48,0
DA:51,0
DA:52,0
DA:55,0
DA:56,0
DA:60,0
DA:61,0
DA:63,0
LF:10
LH:0
end_of_record
TN:
SF:src/rewards/RewardManager.sol
FN:103,RewardManager.getStakeupStaking
FN:42,RewardManager.initialize
FN:49,RewardManager.distributePokeRewards
FN:70,RewardManager.distributeMintRewards
FN:83,RewardManager._executeDelegateStake
FN:93,RewardManager.getStUsd
FN:98,RewardManager.getStakeupToken
FNDA:0,RewardManager.getStakeupStaking
FNDA:0,RewardManager.initialize
FNDA:0,RewardManager.distributePokeRewards
FNDA:0,RewardManager.distributeMintRewards
FNDA:0,RewardManager._executeDelegateStake
FNDA:0,RewardManager.getStUsd
FNDA:0,RewardManager.getStakeupToken
FNF:7
FNH:0
DA:43,0
DA:44,0
DA:45,0
DA:52,0
DA:53,0
DA:60,0
DA:61,0
DA:62,0
DA:64,0
DA:74,0
DA:76,0
DA:79,0
DA:88,0
DA:89,0
DA:94,0
DA:99,0
DA:104,0
LF:17
LH:0
end_of_record
TN:
SF:src/staking/StakeupStaking.sol
FN:110,StakeupStaking.stake
FN:115,StakeupStaking.delegateStake
FN:120,StakeupStaking.unstake
FN:144,StakeupStaking.harvest
FN:162,StakeupStaking.processFees
FN:184,StakeupStaking.claimableRewards
FN:191,StakeupStaking.getStakupToken
FN:196,StakeupStaking.getSupVestingContract
FN:201,StakeupStaking.getStUSD
FN:206,StakeupStaking.getRewardManager
FN:211,StakeupStaking.totalStakeUpStaked
FN:216,StakeupStaking.getRewardData
FN:221,StakeupStaking.getUserStakingData
FN:225,StakeupStaking._stake
FN:246,StakeupStaking._harvest
FN:256,StakeupStaking._lastTimeRewardApplicable
FN:262,StakeupStaking._rewardPerToken
FN:284,StakeupStaking._rewardsEarned
FN:299,StakeupStaking._totalSupLockedInVesting
FNDA:0,StakeupStaking.stake
FNDA:0,StakeupStaking.delegateStake
FNDA:0,StakeupStaking.unstake
FNDA:0,StakeupStaking.harvest
FNDA:0,StakeupStaking.processFees
FNDA:0,StakeupStaking.claimableRewards
FNDA:0,StakeupStaking.getStakupToken
FNDA:0,StakeupStaking.getSupVestingContract
FNDA:0,StakeupStaking.getStUSD
FNDA:0,StakeupStaking.getRewardManager
FNDA:0,StakeupStaking.totalStakeUpStaked
FNDA:0,StakeupStaking.getRewardData
FNDA:0,StakeupStaking.getUserStakingData
FNDA:0,StakeupStaking._stake
FNDA:0,StakeupStaking._harvest
FNDA:0,StakeupStaking._lastTimeRewardApplicable
FNDA:0,StakeupStaking._rewardPerToken
FNDA:0,StakeupStaking._rewardsEarned
FNDA:0,StakeupStaking._totalSupLockedInVesting
FNF:19
FNH:0
DA:111,0
DA:116,0
DA:124,0
DA:126,0
DA:128,0
DA:129,0
DA:131,0
DA:132,0
DA:134,0
DA:135,0
DA:138,0
DA:140,0
DA:145,0
DA:152,0
DA:154,0
DA:156,0
DA:158,0
DA:165,0
DA:167,0
DA:169,0
DA:172,0
DA:173,0
DA:174,0
DA:175,0
DA:176,0
DA:180,0
DA:187,0
DA:192,0
DA:197,0
DA:202,0
DA:207,0
DA:212,0
DA:217,0
DA:222,0
DA:226,0
DA:228,0
DA:230,0
DA:231,0
DA:235,0
DA:236,0
DA:243,0
DA:250,0
DA:251,0
DA:252,0
DA:253,0
DA:259,0
DA:263,0
DA:265,0
DA:266,0
DA:268,0
DA:269,0
DA:271,0
DA:275,0
DA:276,0
DA:277,0
DA:285,0
DA:286,0
DA:290,0
DA:291,0
DA:296,0
DA:300,0
DA:301,0
LF:62
LH:0
end_of_record
TN:
SF:src/token/RedemptionNFT.sol
FN:109,RedemptionNFT._generateNextTokenId
FN:128,RedemptionNFT._transfer
FN:139,RedemptionNFT._receiveRequestData
FN:146,RedemptionNFT._send
FN:181,RedemptionNFT._nonblockingLzReceive
FN:214,RedemptionNFT._creditTill2
FN:251,RedemptionNFT._burnFrom
FN:268,RedemptionNFT._mintTo
FN:28,RedemptionNFT.addWithdrawalRequest
FN:46,RedemptionNFT.claimWithdrawal
FN:60,RedemptionNFT.clearCredits
FN:91,RedemptionNFT.getWithdrawalRequest
FN:98,RedemptionNFT.getStUSD
FNDA:0,RedemptionNFT._generateNextTokenId
FNDA:0,RedemptionNFT._transfer
FNDA:0,RedemptionNFT._receiveRequestData
FNDA:0,RedemptionNFT._send
FNDA:0,RedemptionNFT._nonblockingLzReceive
FNDA:0,RedemptionNFT._creditTill2
FNDA:0,RedemptionNFT._burnFrom
FNDA:0,RedemptionNFT._mintTo
FNDA:0,RedemptionNFT.addWithdrawalRequest
FNDA:0,RedemptionNFT.claimWithdrawal
FNDA:0,RedemptionNFT.clearCredits
FNDA:0,RedemptionNFT.getWithdrawalRequest
FNDA:0,RedemptionNFT.getStUSD
FNF:13
FNH:0
DA:32,0
DA:34,0
DA:40,0
DA:42,0
DA:47,0
DA:49,0
DA:50,0
DA:52,0
DA:54,0
DA:61,0
DA:62,0
DA:64,0
DA:65,0
DA:67,0
DA:73,0
DA:75,0
DA:77,0
DA:78,0
DA:81,0
DA:94,0
DA:99,0
DA:124,0
DA:129,0
DA:131,0
DA:132,0
DA:134,0
DA:136,0
DA:140,0
DA:141,0
DA:142,0
DA:156,0
DA:157,0
DA:158,0
DA:160,0
DA:162,0
DA:164,0
DA:166,0
DA:168,0
DA:171,0
DA:174,0
DA:176,0
DA:177,0
DA:178,0
DA:188,0
DA:189,0
DA:191,0
DA:193,0
DA:196,0
DA:197,0
DA:199,0
DA:200,0
DA:201,0
DA:204,0
DA:220,0
DA:221,0
DA:223,0
DA:225,0
DA:228,0
DA:235,0
DA:236,0
DA:241,0
DA:255,0
DA:256,0
DA:258,0
DA:272,0
DA:274,0
LF:66
LH:0
end_of_record
TN:
SF:src/token/SUPVesting.sol
FN:38,SUPVesting.getAvailableTokens
FN:52,SUPVesting.vestTokens
FN:70,SUPVesting.claimAvailableTokens
FN:86,SUPVesting.getCurrentBalance
FN:93,SUPVesting.getSUPToken
FN:97,SUPVesting._validateTimeElapsed
FNDA:0,SUPVesting.getAvailableTokens
FNDA:0,SUPVesting.vestTokens
FNDA:0,SUPVesting.claimAvailableTokens
FNDA:0,SUPVesting.getCurrentBalance
FNDA:0,SUPVesting.getSUPToken
FNDA:0,SUPVesting._validateTimeElapsed
FNF:6
FNH:0
DA:39,0
DA:40,0
DA:41,0
DA:43,0
DA:44,0
DA:46,0
DA:47,0
DA:53,0
DA:57,0
DA:58,0
DA:59,0
DA:60,0
DA:62,0
DA:64,0
DA:71,0
DA:72,0
DA:74,0
DA:76,0
DA:77,0
DA:80,0
DA:82,0
DA:89,0
DA:94,0
DA:98,0
LF:24
LH:0
end_of_record
TN:
SF:src/token/StUSD.sol
FN:129,StUSD.depositTby
FN:144,StUSD.depositUnderlying
FN:160,StUSD.redeemStUSD
FN:165,StUSD.redeemWstUSD
FN:173,StUSD.getRemainingBalance
FN:178,StUSD.withdraw
FN:202,StUSD.redeemUnderlying
FN:238,StUSD.poke
FN:268,StUSD.setNftTrustedRemote
FN:273,StUSD.getWstUSD
FN:278,StUSD.getUnderlyingToken
FN:283,StUSD.getBloomFactory
FN:288,StUSD.getExchangeRateRegistry
FN:293,StUSD.getStakeupStaking
FN:298,StUSD.getRewardManager
FN:303,StUSD.getRedemptionNFT
FN:308,StUSD.getMintBps
FN:313,StUSD.getRedeemBps
FN:318,StUSD.getPerformanceBps
FN:327,StUSD._deposit
FN:361,StUSD._redeemStUSD
FN:373,StUSD._redeem
FN:408,StUSD._processProceeds
FN:436,StUSD._autoMintTBY
FN:465,StUSD._within24HoursOfCommitPhaseEnd
FN:487,StUSD._isElegibleForAdjustment
FN:499,StUSD._adjustRemainingBalance
FN:517,StUSD._getLatestPool
FN:527,StUSD._mintRedemptionNFT
FN:534,StUSD._getCurrentTbyValue
FNDA:0,StUSD.depositTby
FNDA:0,StUSD.depositUnderlying
FNDA:0,StUSD.redeemStUSD
FNDA:0,StUSD.redeemWstUSD
FNDA:0,StUSD.getRemainingBalance
FNDA:0,StUSD.withdraw
FNDA:0,StUSD.redeemUnderlying
FNDA:0,StUSD.poke
FNDA:0,StUSD.setNftTrustedRemote
FNDA:0,StUSD.getWstUSD
FNDA:0,StUSD.getUnderlyingToken
FNDA:0,StUSD.getBloomFactory
FNDA:0,StUSD.getExchangeRateRegistry
FNDA:0,StUSD.getStakeupStaking
FNDA:0,StUSD.getRewardManager
FNDA:0,StUSD.getRedemptionNFT
FNDA:0,StUSD.getMintBps
FNDA:0,StUSD.getRedeemBps
FNDA:0,StUSD.getPerformanceBps
FNDA:0,StUSD._deposit
FNDA:0,StUSD._redeemStUSD
FNDA:0,StUSD._redeem
FNDA:0,StUSD._processProceeds
FNDA:0,StUSD._autoMintTBY
FNDA:0,StUSD._within24HoursOfCommitPhaseEnd
FNDA:0,StUSD._isElegibleForAdjustment
FNDA:0,StUSD._adjustRemainingBalance
FNDA:0,StUSD._getLatestPool
FNDA:0,StUSD._mintRedemptionNFT
FNDA:0,StUSD._getCurrentTbyValue
FNF:30
FNH:0
DA:130,0
DA:131,0
DA:132,0
DA:134,0
DA:136,0
DA:137,0
DA:140,0
DA:145,0
DA:146,0
DA:148,0
DA:149,0
DA:150,0
DA:151,0
DA:153,0
DA:156,0
DA:161,0
DA:166,0
DA:167,0
DA:168,0
DA:169,0
DA:174,0
DA:179,0
DA:181,0
DA:183,0
DA:184,0
DA:186,0
DA:188,0
DA:190,0
DA:191,0
DA:195,0
DA:203,0
DA:205,0
DA:207,0
DA:209,0
DA:211,0
DA:212,0
DA:213,0
DA:214,0
DA:216,0
DA:219,0
DA:220,0
DA:222,0
DA:224,0
DA:225,0
DA:239,0
DA:240,0
DA:241,0
DA:243,0
DA:244,0
DA:245,0
DA:249,0
DA:250,0
DA:251,0
DA:256,0
DA:257,0
DA:258,0
DA:259,0
DA:262,0
DA:263,0
DA:269,0
DA:274,0
DA:279,0
DA:284,0
DA:289,0
DA:294,0
DA:299,0
DA:304,0
DA:309,0
DA:314,0
DA:319,0
DA:329,0
DA:331,0
DA:332,0
DA:334,0
DA:335,0
DA:337,0
DA:340,0
DA:342,0
DA:343,0
DA:345,0
DA:347,0
DA:348,0
DA:349,0
DA:352,0
DA:354,0
DA:362,0
DA:364,0
DA:366,0
DA:368,0
DA:370,0
DA:380,0
DA:382,0
DA:384,0
DA:385,0
DA:386,0
DA:387,0
DA:389,0
DA:390,0
DA:392,0
DA:395,0
DA:397,0
DA:399,0
DA:409,0
DA:411,0
DA:413,0
DA:414,0
DA:416,0
DA:417,0
DA:419,0
DA:422,0
DA:423,0
DA:426,0
DA:437,0
DA:439,0
DA:440,0
DA:441,0
DA:443,0
DA:445,0
DA:446,0
DA:448,0
DA:450,0
DA:452,0
DA:454,0
DA:457,0
DA:469,0
DA:470,0
DA:472,0
DA:473,0
DA:474,0
DA:475,0
DA:479,0
DA:488,0
DA:489,0
DA:490,0
DA:500,0
DA:501,0
DA:503,0
DA:504,0
DA:505,0
DA:506,0
DA:508,0
DA:510,0
DA:518,0
DA:528,0
DA:535,0
DA:536,0
DA:538,0
DA:539,0
DA:540,0
DA:541,0
DA:546,0
LF:151
LH:0
end_of_record
TN:
SF:src/token/StUSDBase.sol
FN:110,StUSDBase.approve
FN:129,StUSDBase.transferFrom
FN:150,StUSDBase.increaseAllowance
FN:170,StUSDBase.decreaseAllowance
FN:181,StUSDBase.getTotalShares
FN:186,StUSDBase.sharesOf
FN:191,StUSDBase.getSharesByUsd
FN:206,StUSDBase.getUsdByShares
FN:225,StUSDBase.transferShares
FN:244,StUSDBase.transferSharesFrom
FN:260,StUSDBase._getTotalUsd
FN:268,StUSDBase._setTotalUsd
FN:277,StUSDBase._transfer
FN:290,StUSDBase._approve
FN:304,StUSDBase._spendAllowance
FN:313,StUSDBase._getTotalShares
FN:318,StUSDBase._sharesOf
FN:333,StUSDBase._transferShares
FN:352,StUSDBase._mintShares
FN:377,StUSDBase._burnShares
FN:404,StUSDBase._emitTransferEvents
FN:409,StUSDBase._debitFrom
FN:422,StUSDBase._creditTo
FN:45,StUSDBase.circulatingSupply
FN:55,StUSDBase.totalSupply
FN:60,StUSDBase.getTotalUsd
FN:71,StUSDBase.balanceOf
FN:86,StUSDBase.transfer
FN:98,StUSDBase.allowance
FNDA:0,StUSDBase.approve
FNDA:0,StUSDBase.transferFrom
FNDA:0,StUSDBase.increaseAllowance
FNDA:0,StUSDBase.decreaseAllowance
FNDA:0,StUSDBase.getTotalShares
FNDA:0,StUSDBase.sharesOf
FNDA:0,StUSDBase.getSharesByUsd
FNDA:0,StUSDBase.getUsdByShares
FNDA:0,StUSDBase.transferShares
FNDA:0,StUSDBase.transferSharesFrom
FNDA:0,StUSDBase._getTotalUsd
FNDA:0,StUSDBase._setTotalUsd
FNDA:0,StUSDBase._transfer
FNDA:0,StUSDBase._approve
FNDA:0,StUSDBase._spendAllowance
FNDA:0,StUSDBase._getTotalShares
FNDA:0,StUSDBase._sharesOf
FNDA:0,StUSDBase._transferShares
FNDA:0,StUSDBase._mintShares
FNDA:0,StUSDBase._burnShares
FNDA:0,StUSDBase._emitTransferEvents
FNDA:0,StUSDBase._debitFrom
FNDA:0,StUSDBase._creditTo
FNDA:0,StUSDBase.circulatingSupply
FNDA:0,StUSDBase.totalSupply
FNDA:0,StUSDBase.getTotalUsd
FNDA:0,StUSDBase.balanceOf
FNDA:0,StUSDBase.transfer
FNDA:0,StUSDBase.allowance
FNF:29
FNH:0
DA:46,0
DA:56,0
DA:61,0
DA:72,0
DA:87,0
DA:88,0
DA:99,0
DA:111,0
DA:112,0
DA:134,0
DA:135,0
DA:136,0
DA:154,0
DA:155,0
DA:174,0
DA:175,0
DA:176,0
DA:177,0
DA:182,0
DA:187,0
DA:192,0
DA:193,0
DA:195,0
DA:196,0
DA:198,0
DA:199,0
DA:202,0
DA:207,0
DA:208,0
DA:209,0
DA:211,0
DA:226,0
DA:227,0
DA:228,0
DA:229,0
DA:248,0
DA:249,0
DA:250,0
DA:251,0
DA:252,0
DA:261,0
DA:269,0
DA:278,0
DA:279,0
DA:280,0
DA:291,0
DA:292,0
DA:294,0
DA:295,0
DA:305,0
DA:306,0
DA:307,0
DA:308,0
DA:314,0
DA:319,0
DA:334,0
DA:335,0
DA:337,0
DA:338,0
DA:340,0
DA:341,0
DA:353,0
DA:355,0
DA:356,0
DA:358,0
DA:378,0
DA:380,0
DA:381,0
DA:383,0
DA:385,0
DA:386,0
DA:388,0
DA:390,0
DA:392,0
DA:405,0
DA:406,0
DA:415,0
DA:416,0
DA:417,0
DA:418,0
DA:419,0
DA:427,0
DA:428,0
LF:83
LH:0
end_of_record
TN:
SF:src/token/StakeupToken.sol
FN:123,StakeupToken.transferOwnership
FN:129,StakeupToken._transferOwnership
FN:135,StakeupToken._mint
FN:40,StakeupToken.mintLpSupply
FN:48,StakeupToken.airdropTokens
FN:71,StakeupToken.mintRewards
FN:76,StakeupToken.mintInitialSupply
FN:95,StakeupToken._mintAndVest
FNDA:0,StakeupToken.transferOwnership
FNDA:0,StakeupToken._transferOwnership
FNDA:0,StakeupToken._mint
FNDA:0,StakeupToken.mintLpSupply
FNDA:0,StakeupToken.airdropTokens
FNDA:0,StakeupToken.mintRewards
FNDA:0,StakeupToken.mintInitialSupply
FNDA:0,StakeupToken._mintAndVest
FNF:8
FNH:0
DA:41,0
DA:42,0
DA:43,0
DA:52,0
DA:53,0
DA:55,0
DA:57,0
DA:58,0
DA:59,0
DA:62,0
DA:64,0
DA:65,0
DA:67,0
DA:72,0
DA:80,0
DA:81,0
DA:83,0
DA:84,0
DA:85,0
DA:87,0
DA:88,0
DA:90,0
DA:92,0
DA:99,0
DA:100,0
DA:102,0
DA:103,0
DA:105,0
DA:106,0
DA:107,0
DA:110,0
DA:111,0
DA:112,0
DA:115,0
DA:118,0
DA:120,0
DA:126,0
DA:132,0
DA:136,0
DA:137,0
LF:40
LH:0
end_of_record
TN:
SF:src/token/WstUSD.sol
FN:23,WstUSD.wrap
FN:36,WstUSD.unwrap
FN:45,WstUSD.getWstUSDByStUSD
FN:52,WstUSD.getStUSDByWstUSD
FN:59,WstUSD.stUsdPerToken
FN:64,WstUSD.tokensPerStUsd
FN:69,WstUSD.getStUSD
FNDA:0,WstUSD.wrap
FNDA:0,WstUSD.unwrap
FNDA:0,WstUSD.getWstUSDByStUSD
FNDA:0,WstUSD.getStUSDByWstUSD
FNDA:0,WstUSD.stUsdPerToken
FNDA:0,WstUSD.tokensPerStUsd
FNDA:0,WstUSD.getStUSD
FNF:7
FNH:0
DA:24,0
DA:25,0
DA:26,0
DA:27,0
DA:32,0
DA:37,0
DA:38,0
DA:39,0
DA:40,0
DA:41,0
DA:48,0
DA:55,0
DA:60,0
DA:65,0
DA:70,0
LF:15
LH:0
end_of_record
